TN:
SF:src\index.ts
FN:17,(anonymous_4)
FN:18,(anonymous_5)
FN:19,(anonymous_6)
FN:20,(anonymous_7)
FN:31,(anonymous_8)
FN:45,(anonymous_9)
FNF:6
FNH:2
FNDA:0,(anonymous_4)
FNDA:0,(anonymous_5)
FNDA:0,(anonymous_6)
FNDA:0,(anonymous_7)
FNDA:7,(anonymous_8)
FNDA:8,(anonymous_9)
DA:7,1
DA:8,1
DA:10,1
DA:11,1
DA:12,1
DA:13,1
DA:16,1
DA:17,1
DA:18,1
DA:19,1
DA:20,1
DA:31,1
DA:32,7
DA:33,7
DA:35,0
DA:45,1
DA:46,8
DA:47,8
DA:48,2
DA:50,2
DA:51,0
DA:52,2
DA:53,2
DA:57,6
DA:59,1
LF:25
LH:23
BRDA:35,0,0,0
BRDA:35,0,1,0
BRDA:47,1,0,2
BRDA:47,1,1,6
BRDA:47,2,0,8
BRDA:47,2,1,6
BRDA:47,2,2,6
BRDA:50,3,0,0
BRDA:50,3,1,2
BRDA:52,4,0,2
BRDA:52,4,1,0
BRDA:59,5,0,1
BRDA:59,5,1,0
BRF:13
BRH:8
end_of_record
TN:
SF:src\backbone\AccountCoverage.ts
FN:29,(anonymous_2)
FN:16,(anonymous_3)
FNF:2
FNH:0
FNDA:0,(anonymous_2)
FNDA:0,(anonymous_3)
DA:1,3
DA:2,3
DA:3,3
DA:4,3
DA:5,3
DA:10,3
DA:16,0
DA:17,3
DA:24,3
DA:30,0
LF:10
LH:8
BRDA:29,0,0,0
BRF:1
BRH:0
end_of_record
TN:
SF:src\backbone\AccountGuarantor.ts
FN:44,(anonymous_2)
FN:22,(anonymous_3)
FN:30,(anonymous_4)
FN:38,(anonymous_5)
FNF:4
FNH:0
FNDA:0,(anonymous_2)
FNDA:0,(anonymous_3)
FNDA:0,(anonymous_4)
FNDA:0,(anonymous_5)
DA:1,3
DA:2,3
DA:3,3
DA:4,3
DA:5,3
DA:6,3
DA:7,3
DA:12,3
DA:18,3
DA:22,0
DA:23,3
DA:30,0
DA:31,3
DA:38,0
DA:39,3
DA:45,0
LF:16
LH:12
BRDA:44,0,0,0
BRF:1
BRH:0
end_of_record
TN:
SF:src\backbone\ActivityDefinitionDynamicValue.ts
FN:35,(anonymous_2)
FN:17,(anonymous_3)
FN:29,(anonymous_4)
FNF:3
FNH:0
FNDA:0,(anonymous_2)
FNDA:0,(anonymous_3)
FNDA:0,(anonymous_4)
DA:1,3
DA:2,3
DA:3,3
DA:4,3
DA:5,3
DA:6,3
DA:11,3
DA:17,0
DA:18,3
DA:25,3
DA:29,0
DA:30,3
DA:36,0
LF:13
LH:10
BRDA:35,0,0,0
BRF:1
BRH:0
end_of_record
TN:
SF:src\backbone\ActivityDefinitionParticipant.ts
FN:35,(anonymous_2)
FN:17,(anonymous_3)
FN:29,(anonymous_4)
FNF:3
FNH:0
FNDA:0,(anonymous_2)
FNDA:0,(anonymous_3)
FNDA:0,(anonymous_4)
DA:1,3
DA:2,3
DA:3,3
DA:4,3
DA:5,3
DA:6,3
DA:11,3
DA:17,0
DA:18,3
DA:25,3
DA:29,0
DA:30,3
DA:36,0
LF:13
LH:10
BRDA:35,0,0,0
BRF:1
BRH:0
end_of_record
TN:
SF:src\backbone\AdverseEventSuspectEntity.ts
FN:32,(anonymous_2)
FN:18,(anonymous_3)
FN:26,(anonymous_4)
FNF:3
FNH:0
FNDA:0,(anonymous_2)
FNDA:0,(anonymous_3)
FNDA:0,(anonymous_4)
DA:1,3
DA:2,3
DA:3,3
DA:4,3
DA:5,3
DA:6,3
DA:11,3
DA:18,0
DA:19,3
DA:26,0
DA:27,3
DA:33,0
LF:12
LH:9
BRDA:32,0,0,0
BRF:1
BRH:0
end_of_record
TN:
SF:src\backbone\AdverseEventSuspectEntityCausality.ts
FN:52,(anonymous_2)
FN:18,(anonymous_3)
FN:26,(anonymous_4)
FN:34,(anonymous_5)
FN:46,(anonymous_6)
FNF:5
FNH:0
FNDA:0,(anonymous_2)
FNDA:0,(anonymous_3)
FNDA:0,(anonymous_4)
FNDA:0,(anonymous_5)
FNDA:0,(anonymous_6)
DA:1,3
DA:2,3
DA:3,3
DA:4,3
DA:5,3
DA:6,3
DA:7,3
DA:12,3
DA:18,0
DA:19,3
DA:26,0
DA:27,3
DA:34,0
DA:35,3
DA:42,3
DA:46,0
DA:47,3
DA:53,0
LF:18
LH:13
BRDA:52,0,0,0
BRF:1
BRH:0
end_of_record
TN:
SF:src\backbone\AllergyIntoleranceReaction.ts
FN:86,(anonymous_2)
FN:22,(anonymous_3)
FN:30,(anonymous_4)
FN:39,(anonymous_5)
FN:48,(anonymous_6)
FN:60,(anonymous_7)
FN:72,(anonymous_8)
FN:80,(anonymous_9)
FNF:8
FNH:0
FNDA:0,(anonymous_2)
FNDA:0,(anonymous_3)
FNDA:0,(anonymous_4)
FNDA:0,(anonymous_5)
FNDA:0,(anonymous_6)
FNDA:0,(anonymous_7)
FNDA:0,(anonymous_8)
FNDA:0,(anonymous_9)
DA:1,3
DA:2,3
DA:3,3
DA:4,3
DA:5,3
DA:6,3
DA:7,3
DA:12,3
DA:18,3
DA:22,0
DA:23,3
DA:30,0
DA:31,3
DA:39,0
DA:40,3
DA:48,0
DA:49,3
DA:56,3
DA:60,0
DA:61,3
DA:68,3
DA:72,0
DA:73,3
DA:80,0
DA:81,3
DA:87,0
LF:26
LH:18
BRDA:86,0,0,0
BRF:1
BRH:0
end_of_record
TN:
SF:src\backbone\AppointmentParticipant.ts
FN:66,(anonymous_2)
FN:19,(anonymous_3)
FN:27,(anonymous_4)
FN:39,(anonymous_5)
FN:51,(anonymous_6)
FN:60,(anonymous_7)
FNF:6
FNH:0
FNDA:0,(anonymous_2)
FNDA:0,(anonymous_3)
FNDA:0,(anonymous_4)
FNDA:0,(anonymous_5)
FNDA:0,(anonymous_6)
FNDA:0,(anonymous_7)
DA:1,3
DA:2,3
DA:3,3
DA:4,3
DA:5,3
DA:6,3
DA:7,3
DA:8,3
DA:13,3
DA:19,0
DA:20,3
DA:27,0
DA:28,3
DA:35,3
DA:39,0
DA:40,3
DA:47,3
DA:51,0
DA:52,3
DA:60,0
DA:61,3
DA:67,0
LF:22
LH:16
BRDA:66,0,0,0
BRF:1
BRH:0
end_of_record
TN:
SF:src\backbone\AuditEventAgent.ts
FN:126,(anonymous_2)
FN:24,(anonymous_3)
FN:32,(anonymous_4)
FN:40,(anonymous_5)
FN:52,(anonymous_6)
FN:60,(anonymous_7)
FN:74,(anonymous_8)
FN:83,(anonymous_9)
FN:95,(anonymous_10)
FN:104,(anonymous_11)
FN:112,(anonymous_12)
FN:120,(anonymous_13)
FNF:12
FNH:0
FNDA:0,(anonymous_2)
FNDA:0,(anonymous_3)
FNDA:0,(anonymous_4)
FNDA:0,(anonymous_5)
FNDA:0,(anonymous_6)
FNDA:0,(anonymous_7)
FNDA:0,(anonymous_8)
FNDA:0,(anonymous_9)
FNDA:0,(anonymous_10)
FNDA:0,(anonymous_11)
FNDA:0,(anonymous_12)
FNDA:0,(anonymous_13)
DA:1,3
DA:2,3
DA:3,3
DA:4,3
DA:5,3
DA:6,3
DA:7,3
DA:8,3
DA:9,3
DA:14,3
DA:20,3
DA:24,0
DA:25,3
DA:32,0
DA:33,3
DA:40,0
DA:41,3
DA:48,3
DA:52,0
DA:53,3
DA:60,0
DA:61,3
DA:69,3
DA:74,0
DA:75,3
DA:83,0
DA:84,3
DA:91,3
DA:95,0
DA:96,3
DA:104,0
DA:105,3
DA:112,0
DA:113,3
DA:120,0
DA:121,3
DA:127,0
LF:37
LH:25
BRDA:126,0,0,0
BRF:1
BRH:0
end_of_record
TN:
SF:src\backbone\AuditEventAgentNetwork.ts
FN:38,(anonymous_2)
FN:20,(anonymous_3)
FN:32,(anonymous_4)
FNF:3
FNH:0
FNDA:0,(anonymous_2)
FNDA:0,(anonymous_3)
FNDA:0,(anonymous_4)
DA:1,3
DA:2,3
DA:3,3
DA:4,3
DA:5,3
DA:10,3
DA:16,3
DA:20,0
DA:21,3
DA:28,3
DA:32,0
DA:33,3
DA:39,0
LF:13
LH:10
BRDA:38,0,0,0
BRF:1
BRH:0
end_of_record
TN:
SF:src\backbone\AuditEventEntity.ts
FN:103,(anonymous_2)
FN:23,(anonymous_3)
FN:32,(anonymous_4)
FN:40,(anonymous_5)
FN:52,(anonymous_6)
FN:64,(anonymous_7)
FN:72,(anonymous_8)
FN:81,(anonymous_9)
FN:89,(anonymous_10)
FN:97,(anonymous_11)
FNF:10
FNH:0
FNDA:0,(anonymous_2)
FNDA:0,(anonymous_3)
FNDA:0,(anonymous_4)
FNDA:0,(anonymous_5)
FNDA:0,(anonymous_6)
FNDA:0,(anonymous_7)
FNDA:0,(anonymous_8)
FNDA:0,(anonymous_9)
FNDA:0,(anonymous_10)
FNDA:0,(anonymous_11)
DA:1,3
DA:2,3
DA:3,3
DA:4,3
DA:5,3
DA:6,3
DA:7,3
DA:8,3
DA:13,3
DA:19,3
DA:23,0
DA:24,3
DA:32,0
DA:33,3
DA:40,0
DA:41,3
DA:48,3
DA:52,0
DA:53,3
DA:60,3
DA:64,0
DA:65,3
DA:72,0
DA:73,3
DA:81,0
DA:82,3
DA:89,0
DA:90,3
DA:97,0
DA:98,3
DA:104,0
LF:31
LH:21
BRDA:103,0,0,0
BRF:1
BRH:0
end_of_record
TN:
SF:src\backbone\AuditEventEntityDetail.ts
FN:50,(anonymous_2)
FN:20,(anonymous_3)
FN:32,(anonymous_4)
FN:44,(anonymous_5)
FNF:4
FNH:0
FNDA:0,(anonymous_2)
FNDA:0,(anonymous_3)
FNDA:0,(anonymous_4)
FNDA:0,(anonymous_5)
DA:1,3
DA:2,3
DA:3,3
DA:4,3
DA:5,3
DA:10,3
DA:16,3
DA:20,0
DA:21,3
DA:28,3
DA:32,0
DA:33,3
DA:40,3
DA:44,0
DA:45,3
DA:51,0
LF:16
LH:12
BRDA:50,0,0,0
BRF:1
BRH:0
end_of_record
TN:
SF:src\backbone\AuditEventSource.ts
FN:45,(anonymous_2)
FN:18,(anonymous_3)
FN:30,(anonymous_4)
FN:39,(anonymous_5)
FNF:4
FNH:0
FNDA:0,(anonymous_2)
FNDA:0,(anonymous_3)
FNDA:0,(anonymous_4)
FNDA:0,(anonymous_5)
DA:1,3
DA:2,3
DA:3,3
DA:4,3
DA:5,3
DA:6,3
DA:7,3
DA:12,3
DA:18,0
DA:19,3
DA:26,3
DA:30,0
DA:31,3
DA:39,0
DA:40,3
DA:46,0
LF:16
LH:12
BRDA:45,0,0,0
BRF:1
BRH:0
end_of_record
TN:
SF:src\backbone\BiologicallyDerivedProductCollection.ts
FN:52,(anonymous_2)
FN:22,(anonymous_3)
FN:30,(anonymous_4)
FN:38,(anonymous_5)
FN:46,(anonymous_6)
FNF:5
FNH:0
FNDA:0,(anonymous_2)
FNDA:0,(anonymous_3)
FNDA:0,(anonymous_4)
FNDA:0,(anonymous_5)
FNDA:0,(anonymous_6)
DA:1,3
DA:2,3
DA:3,3
DA:4,3
DA:5,3
DA:6,3
DA:7,3
DA:12,3
DA:18,3
DA:22,0
DA:23,3
DA:30,0
DA:31,3
DA:38,0
DA:39,3
DA:46,0
DA:47,3
DA:53,0
LF:18
LH:13
BRDA:52,0,0,0
BRF:1
BRH:0
end_of_record
TN:
SF:src\backbone\BiologicallyDerivedProductManipulation.ts
FN:47,(anonymous_2)
FN:21,(anonymous_3)
FN:33,(anonymous_4)
FN:41,(anonymous_5)
FNF:4
FNH:0
FNDA:0,(anonymous_2)
FNDA:0,(anonymous_3)
FNDA:0,(anonymous_4)
FNDA:0,(anonymous_5)
DA:1,3
DA:2,3
DA:3,3
DA:4,3
DA:5,3
DA:6,3
DA:11,3
DA:17,3
DA:21,0
DA:22,3
DA:29,3
DA:33,0
DA:34,3
DA:41,0
DA:42,3
DA:48,0
LF:16
LH:12
BRDA:47,0,0,0
BRF:1
BRH:0
end_of_record
TN:
SF:src\backbone\BiologicallyDerivedProductProcessing.ts
FN:65,(anonymous_2)
FN:19,(anonymous_3)
FN:31,(anonymous_4)
FN:39,(anonymous_5)
FN:51,(anonymous_6)
FN:59,(anonymous_7)
FNF:6
FNH:0
FNDA:0,(anonymous_2)
FNDA:0,(anonymous_3)
FNDA:0,(anonymous_4)
FNDA:0,(anonymous_5)
FNDA:0,(anonymous_6)
FNDA:0,(anonymous_7)
DA:1,3
DA:2,3
DA:3,3
DA:4,3
DA:5,3
DA:6,3
DA:7,3
DA:8,3
DA:13,3
DA:19,0
DA:20,3
DA:27,3
DA:31,0
DA:32,3
DA:39,0
DA:40,3
DA:47,3
DA:51,0
DA:52,3
DA:59,0
DA:60,3
DA:66,0
LF:22
LH:16
BRDA:65,0,0,0
BRF:1
BRH:0
end_of_record
TN:
SF:src\backbone\BiologicallyDerivedProductStorage.ts
FN:54,(anonymous_2)
FN:21,(anonymous_3)
FN:29,(anonymous_4)
FN:41,(anonymous_5)
FNF:4
FNH:0
FNDA:0,(anonymous_2)
FNDA:0,(anonymous_3)
FNDA:0,(anonymous_4)
FNDA:0,(anonymous_5)
DA:1,3
DA:2,3
DA:3,3
DA:4,3
DA:5,3
DA:6,3
DA:11,3
DA:17,3
DA:21,0
DA:22,3
DA:29,0
DA:30,3
DA:37,3
DA:41,0
DA:42,3
DA:49,3
DA:55,0
LF:17
LH:13
BRDA:54,0,0,0
BRF:1
BRH:0
end_of_record
TN:
SF:src\backbone\BundleEntryRequest.ts
FN:86,(anonymous_2)
FN:20,(anonymous_3)
FN:32,(anonymous_4)
FN:44,(anonymous_5)
FN:56,(anonymous_6)
FN:68,(anonymous_7)
FN:80,(anonymous_8)
FNF:7
FNH:0
FNDA:0,(anonymous_2)
FNDA:0,(anonymous_3)
FNDA:0,(anonymous_4)
FNDA:0,(anonymous_5)
FNDA:0,(anonymous_6)
FNDA:0,(anonymous_7)
FNDA:0,(anonymous_8)
DA:1,3
DA:2,3
DA:3,3
DA:4,3
DA:5,3
DA:10,3
DA:16,3
DA:20,0
DA:21,3
DA:28,3
DA:32,0
DA:33,3
DA:40,3
DA:44,0
DA:45,3
DA:52,3
DA:56,0
DA:57,3
DA:64,3
DA:68,0
DA:69,3
DA:76,3
DA:80,0
DA:81,3
DA:87,0
LF:25
LH:18
BRDA:86,0,0,0
BRF:1
BRH:0
end_of_record
TN:
SF:src\backbone\BundleEntryResponse.ts
FN:71,(anonymous_2)
FN:21,(anonymous_3)
FN:33,(anonymous_4)
FN:45,(anonymous_5)
FN:53,(anonymous_6)
FN:65,(anonymous_7)
FNF:6
FNH:0
FNDA:0,(anonymous_2)
FNDA:0,(anonymous_3)
FNDA:0,(anonymous_4)
FNDA:0,(anonymous_5)
FNDA:0,(anonymous_6)
FNDA:0,(anonymous_7)
DA:1,3
DA:2,3
DA:3,3
DA:4,3
DA:5,3
DA:6,3
DA:11,3
DA:17,3
DA:21,0
DA:22,3
DA:29,3
DA:33,0
DA:34,3
DA:41,3
DA:45,0
DA:46,3
DA:53,0
DA:54,3
DA:61,3
DA:65,0
DA:66,3
DA:72,0
LF:22
LH:16
BRDA:71,0,0,0
BRF:1
BRH:0
end_of_record
TN:
SF:src\backbone\BundleEntrySearch.ts
FN:33,(anonymous_2)
FN:20,(anonymous_3)
FNF:2
FNH:0
FNDA:0,(anonymous_2)
FNDA:0,(anonymous_3)
DA:1,3
DA:2,3
DA:3,3
DA:4,3
DA:5,3
DA:10,3
DA:16,3
DA:20,0
DA:21,3
DA:28,3
DA:34,0
LF:11
LH:9
BRDA:33,0,0,0
BRF:1
BRH:0
end_of_record
TN:
SF:src\backbone\BundleLink.ts
FN:38,(anonymous_2)
FN:20,(anonymous_3)
FN:32,(anonymous_4)
FNF:3
FNH:0
FNDA:0,(anonymous_2)
FNDA:0,(anonymous_3)
FNDA:0,(anonymous_4)
DA:1,3
DA:2,3
DA:3,3
DA:4,3
DA:5,3
DA:10,3
DA:16,3
DA:20,0
DA:21,3
DA:28,3
DA:32,0
DA:33,3
DA:39,0
LF:13
LH:10
BRDA:38,0,0,0
BRF:1
BRH:0
end_of_record
TN:
SF:src\backbone\CapabilityStatementDocument.ts
FN:50,(anonymous_2)
FN:20,(anonymous_3)
FN:32,(anonymous_4)
FN:44,(anonymous_5)
FNF:4
FNH:0
FNDA:0,(anonymous_2)
FNDA:0,(anonymous_3)
FNDA:0,(anonymous_4)
FNDA:0,(anonymous_5)
DA:1,3
DA:2,3
DA:3,3
DA:4,3
DA:5,3
DA:10,3
DA:16,3
DA:20,0
DA:21,3
DA:28,3
DA:32,0
DA:33,3
DA:40,3
DA:44,0
DA:45,3
DA:51,0
LF:16
LH:12
BRDA:50,0,0,0
BRF:1
BRH:0
end_of_record
TN:
SF:src\backbone\CapabilityStatementImplementation.ts
FN:47,(anonymous_2)
FN:17,(anonymous_3)
FN:29,(anonymous_4)
FN:41,(anonymous_5)
FNF:4
FNH:0
FNDA:0,(anonymous_2)
FNDA:0,(anonymous_3)
FNDA:0,(anonymous_4)
FNDA:0,(anonymous_5)
DA:1,3
DA:2,3
DA:3,3
DA:4,3
DA:5,3
DA:6,3
DA:11,3
DA:17,0
DA:18,3
DA:25,3
DA:29,0
DA:30,3
DA:37,3
DA:41,0
DA:42,3
DA:48,0
LF:16
LH:12
BRDA:47,0,0,0
BRF:1
BRH:0
end_of_record
TN:
SF:src\backbone\CapabilityStatementMessaging.ts
FN:53,(anonymous_2)
FN:22,(anonymous_3)
FN:31,(anonymous_4)
FN:47,(anonymous_5)
FNF:4
FNH:0
FNDA:0,(anonymous_2)
FNDA:0,(anonymous_3)
FNDA:0,(anonymous_4)
FNDA:0,(anonymous_5)
DA:1,3
DA:2,3
DA:3,3
DA:4,3
DA:5,3
DA:6,3
DA:7,3
DA:12,3
DA:18,3
DA:22,0
DA:23,3
DA:31,0
DA:32,3
DA:39,3
DA:47,0
DA:48,3
DA:54,0
LF:17
LH:13
BRDA:53,0,0,0
BRF:1
BRH:0
end_of_record
TN:
SF:src\backbone\CapabilityStatementMessagingEndpoint.ts
FN:35,(anonymous_2)
FN:21,(anonymous_3)
FN:29,(anonymous_4)
FNF:3
FNH:0
FNDA:0,(anonymous_2)
FNDA:0,(anonymous_3)
FNDA:0,(anonymous_4)
DA:1,3
DA:2,3
DA:3,3
DA:4,3
DA:5,3
DA:6,3
DA:11,3
DA:17,3
DA:21,0
DA:22,3
DA:29,0
DA:30,3
DA:36,0
LF:13
LH:10
BRDA:35,0,0,0
BRF:1
BRH:0
end_of_record
TN:
SF:src\backbone\CapabilityStatementMessagingSupportedMessage.ts
FN:38,(anonymous_2)
FN:20,(anonymous_3)
FN:32,(anonymous_4)
FNF:3
FNH:0
FNDA:0,(anonymous_2)
FNDA:0,(anonymous_3)
FNDA:0,(anonymous_4)
DA:1,3
DA:2,3
DA:3,3
DA:4,3
DA:5,3
DA:10,3
DA:16,3
DA:20,0
DA:21,3
DA:28,3
DA:32,0
DA:33,3
DA:39,0
LF:13
LH:10
BRDA:38,0,0,0
BRF:1
BRH:0
end_of_record
TN:
SF:src\backbone\CapabilityStatementRest.ts
FN:101,(anonymous_2)
FN:27,(anonymous_3)
FN:39,(anonymous_4)
FN:48,(anonymous_5)
FN:60,(anonymous_6)
FN:69,(anonymous_7)
FN:78,(anonymous_8)
FN:87,(anonymous_9)
FN:95,(anonymous_10)
FNF:9
FNH:0
FNDA:0,(anonymous_2)
FNDA:0,(anonymous_3)
FNDA:0,(anonymous_4)
FNDA:0,(anonymous_5)
FNDA:0,(anonymous_6)
FNDA:0,(anonymous_7)
FNDA:0,(anonymous_8)
FNDA:0,(anonymous_9)
FNDA:0,(anonymous_10)
DA:1,3
DA:2,3
DA:3,3
DA:4,3
DA:5,3
DA:6,3
DA:7,3
DA:8,3
DA:9,3
DA:10,3
DA:15,3
DA:22,3
DA:27,0
DA:28,3
DA:35,3
DA:39,0
DA:40,3
DA:48,0
DA:49,3
DA:56,3
DA:60,0
DA:61,3
DA:69,0
DA:70,3
DA:78,0
DA:79,3
DA:87,0
DA:88,3
DA:95,0
DA:96,3
DA:102,0
LF:31
LH:22
BRDA:101,0,0,0
BRF:1
BRH:0
end_of_record
TN:
SF:src\backbone\CapabilityStatementRestInteraction.ts
FN:38,(anonymous_2)
FN:20,(anonymous_3)
FN:32,(anonymous_4)
FNF:3
FNH:0
FNDA:0,(anonymous_2)
FNDA:0,(anonymous_3)
FNDA:0,(anonymous_4)
DA:1,3
DA:2,3
DA:3,3
DA:4,3
DA:5,3
DA:10,3
DA:16,3
DA:20,0
DA:21,3
DA:28,3
DA:32,0
DA:33,3
DA:39,0
LF:13
LH:10
BRDA:38,0,0,0
BRF:1
BRH:0
end_of_record
TN:
SF:src\backbone\CapabilityStatementRestResource.ts
FN:214,(anonymous_2)
FN:23,(anonymous_3)
FN:35,(anonymous_4)
FN:47,(anonymous_5)
FN:59,(anonymous_6)
FN:71,(anonymous_7)
FN:80,(anonymous_8)
FN:89,(anonymous_9)
FN:101,(anonymous_10)
FN:113,(anonymous_11)
FN:126,(anonymous_12)
FN:140,(anonymous_13)
FN:149,(anonymous_14)
FN:163,(anonymous_15)
FN:177,(anonymous_16)
FN:189,(anonymous_17)
FN:201,(anonymous_18)
FNF:17
FNH:0
FNDA:0,(anonymous_2)
FNDA:0,(anonymous_3)
FNDA:0,(anonymous_4)
FNDA:0,(anonymous_5)
FNDA:0,(anonymous_6)
FNDA:0,(anonymous_7)
FNDA:0,(anonymous_8)
FNDA:0,(anonymous_9)
FNDA:0,(anonymous_10)
FNDA:0,(anonymous_11)
FNDA:0,(anonymous_12)
FNDA:0,(anonymous_13)
FNDA:0,(anonymous_14)
FNDA:0,(anonymous_15)
FNDA:0,(anonymous_16)
FNDA:0,(anonymous_17)
FNDA:0,(anonymous_18)
DA:1,3
DA:2,3
DA:3,3
DA:4,3
DA:5,3
DA:6,3
DA:7,3
DA:8,3
DA:13,3
DA:19,3
DA:23,0
DA:24,3
DA:31,3
DA:35,0
DA:36,3
DA:43,3
DA:47,0
DA:48,3
DA:55,3
DA:59,0
DA:60,3
DA:67,3
DA:71,0
DA:72,3
DA:80,0
DA:81,3
DA:89,0
DA:90,3
DA:97,3
DA:101,0
DA:102,3
DA:109,3
DA:113,0
DA:114,3
DA:121,3
DA:126,0
DA:127,3
DA:135,3
DA:140,0
DA:141,3
DA:149,0
DA:150,3
DA:158,3
DA:163,0
DA:164,3
DA:172,3
DA:177,0
DA:178,3
DA:185,3
DA:189,0
DA:190,3
DA:197,3
DA:201,0
DA:202,3
DA:209,3
DA:215,0
LF:56
LH:39
BRDA:214,0,0,0
BRF:1
BRH:0
end_of_record
TN:
SF:src\backbone\CapabilityStatementRestResourceInteraction.ts
FN:38,(anonymous_2)
FN:20,(anonymous_3)
FN:32,(anonymous_4)
FNF:3
FNH:0
FNDA:0,(anonymous_2)
FNDA:0,(anonymous_3)
FNDA:0,(anonymous_4)
DA:1,3
DA:2,3
DA:3,3
DA:4,3
DA:5,3
DA:10,3
DA:16,3
DA:20,0
DA:21,3
DA:28,3
DA:32,0
DA:33,3
DA:39,0
LF:13
LH:10
BRDA:38,0,0,0
BRF:1
BRH:0
end_of_record
TN:
SF:src\backbone\CapabilityStatementRestResourceOperation.ts
FN:50,(anonymous_2)
FN:20,(anonymous_3)
FN:32,(anonymous_4)
FN:44,(anonymous_5)
FNF:4
FNH:0
FNDA:0,(anonymous_2)
FNDA:0,(anonymous_3)
FNDA:0,(anonymous_4)
FNDA:0,(anonymous_5)
DA:1,3
DA:2,3
DA:3,3
DA:4,3
DA:5,3
DA:10,3
DA:16,3
DA:20,0
DA:21,3
DA:28,3
DA:32,0
DA:33,3
DA:40,3
DA:44,0
DA:45,3
DA:51,0
LF:16
LH:12
BRDA:50,0,0,0
BRF:1
BRH:0
end_of_record
TN:
SF:src\backbone\CapabilityStatementRestResourceSearchParam.ts
FN:62,(anonymous_2)
FN:20,(anonymous_3)
FN:32,(anonymous_4)
FN:44,(anonymous_5)
FN:56,(anonymous_6)
FNF:5
FNH:0
FNDA:0,(anonymous_2)
FNDA:0,(anonymous_3)
FNDA:0,(anonymous_4)
FNDA:0,(anonymous_5)
FNDA:0,(anonymous_6)
DA:1,3
DA:2,3
DA:3,3
DA:4,3
DA:5,3
DA:10,3
DA:16,3
DA:20,0
DA:21,3
DA:28,3
DA:32,0
DA:33,3
DA:40,3
DA:44,0
DA:45,3
DA:52,3
DA:56,0
DA:57,3
DA:63,0
LF:19
LH:14
BRDA:62,0,0,0
BRF:1
BRH:0
end_of_record
TN:
SF:src\backbone\CapabilityStatementRestSecurity.ts
FN:48,(anonymous_2)
FN:21,(anonymous_3)
FN:33,(anonymous_4)
FN:42,(anonymous_5)
FNF:4
FNH:0
FNDA:0,(anonymous_2)
FNDA:0,(anonymous_3)
FNDA:0,(anonymous_4)
FNDA:0,(anonymous_5)
DA:1,3
DA:2,3
DA:3,3
DA:4,3
DA:5,3
DA:6,3
DA:11,3
DA:17,3
DA:21,0
DA:22,3
DA:29,3
DA:33,0
DA:34,3
DA:42,0
DA:43,3
DA:49,0
LF:16
LH:12
BRDA:48,0,0,0
BRF:1
BRH:0
end_of_record
TN:
SF:src\backbone\CapabilityStatementSoftware.ts
FN:50,(anonymous_2)
FN:20,(anonymous_3)
FN:32,(anonymous_4)
FN:44,(anonymous_5)
FNF:4
FNH:0
FNDA:0,(anonymous_2)
FNDA:0,(anonymous_3)
FNDA:0,(anonymous_4)
FNDA:0,(anonymous_5)
DA:1,3
DA:2,3
DA:3,3
DA:4,3
DA:5,3
DA:10,3
DA:16,3
DA:20,0
DA:21,3
DA:28,3
DA:32,0
DA:33,3
DA:40,3
DA:44,0
DA:45,3
DA:51,0
LF:16
LH:12
BRDA:50,0,0,0
BRF:1
BRH:0
end_of_record
TN:
SF:src\backbone\CarePlanActivity.ts
FN:60,(anonymous_2)
FN:19,(anonymous_3)
FN:28,(anonymous_4)
FN:37,(anonymous_5)
FN:46,(anonymous_6)
FN:54,(anonymous_7)
FNF:6
FNH:0
FNDA:0,(anonymous_2)
FNDA:0,(anonymous_3)
FNDA:0,(anonymous_4)
FNDA:0,(anonymous_5)
FNDA:0,(anonymous_6)
FNDA:0,(anonymous_7)
DA:1,3
DA:2,3
DA:3,3
DA:4,3
DA:5,3
DA:6,3
DA:7,3
DA:8,3
DA:13,3
DA:19,0
DA:20,3
DA:28,0
DA:29,3
DA:37,0
DA:38,3
DA:46,0
DA:47,3
DA:54,0
DA:55,3
DA:61,0
LF:20
LH:14
BRDA:60,0,0,0
BRF:1
BRH:0
end_of_record
TN:
SF:src\backbone\CarePlanActivityDetail.ts
FN:215,(anonymous_2)
FN:21,(anonymous_3)
FN:29,(anonymous_4)
FN:41,(anonymous_5)
FN:53,(anonymous_6)
FN:62,(anonymous_7)
FN:76,(anonymous_8)
FN:90,(anonymous_9)
FN:102,(anonymous_10)
FN:110,(anonymous_11)
FN:119,(anonymous_12)
FN:127,(anonymous_13)
FN:135,(anonymous_14)
FN:143,(anonymous_15)
FN:152,(anonymous_16)
FN:161,(anonymous_17)
FN:169,(anonymous_18)
FN:177,(anonymous_19)
FN:189,(anonymous_20)
FN:201,(anonymous_21)
FN:209,(anonymous_22)
FNF:21
FNH:0
FNDA:0,(anonymous_2)
FNDA:0,(anonymous_3)
FNDA:0,(anonymous_4)
FNDA:0,(anonymous_5)
FNDA:0,(anonymous_6)
FNDA:0,(anonymous_7)
FNDA:0,(anonymous_8)
FNDA:0,(anonymous_9)
FNDA:0,(anonymous_10)
FNDA:0,(anonymous_11)
FNDA:0,(anonymous_12)
FNDA:0,(anonymous_13)
FNDA:0,(anonymous_14)
FNDA:0,(anonymous_15)
FNDA:0,(anonymous_16)
FNDA:0,(anonymous_17)
FNDA:0,(anonymous_18)
FNDA:0,(anonymous_19)
FNDA:0,(anonymous_20)
FNDA:0,(anonymous_21)
FNDA:0,(anonymous_22)
DA:1,3
DA:2,3
DA:3,3
DA:4,3
DA:5,3
DA:6,3
DA:7,3
DA:8,3
DA:9,3
DA:10,3
DA:15,3
DA:21,0
DA:22,3
DA:29,0
DA:30,3
DA:37,3
DA:41,0
DA:42,3
DA:49,3
DA:53,0
DA:54,3
DA:62,0
DA:63,3
DA:71,3
DA:76,0
DA:77,3
DA:85,3
DA:90,0
DA:91,3
DA:98,3
DA:102,0
DA:103,3
DA:110,0
DA:111,3
DA:119,0
DA:120,3
DA:127,0
DA:128,3
DA:135,0
DA:136,3
DA:143,0
DA:144,3
DA:152,0
DA:153,3
DA:161,0
DA:162,3
DA:169,0
DA:170,3
DA:177,0
DA:178,3
DA:185,3
DA:189,0
DA:190,3
DA:197,3
DA:201,0
DA:202,3
DA:209,0
DA:210,3
DA:216,0
LF:59
LH:38
BRDA:215,0,0,0
BRF:1
BRH:0
end_of_record
TN:
SF:src\backbone\CareTeamParticipant.ts
FN:49,(anonymous_2)
FN:18,(anonymous_3)
FN:26,(anonymous_4)
FN:34,(anonymous_5)
FN:43,(anonymous_6)
FNF:5
FNH:0
FNDA:0,(anonymous_2)
FNDA:0,(anonymous_3)
FNDA:0,(anonymous_4)
FNDA:0,(anonymous_5)
FNDA:0,(anonymous_6)
DA:1,3
DA:2,3
DA:3,3
DA:4,3
DA:5,3
DA:6,3
DA:7,3
DA:12,3
DA:18,0
DA:19,3
DA:26,0
DA:27,3
DA:34,0
DA:35,3
DA:43,0
DA:44,3
DA:50,0
LF:17
LH:12
BRDA:49,0,0,0
BRF:1
BRH:0
end_of_record
TN:
SF:src\backbone\CatalogEntryRelatedEntry.ts
FN:35,(anonymous_2)
FN:17,(anonymous_3)
FN:29,(anonymous_4)
FNF:3
FNH:0
FNDA:0,(anonymous_2)
FNDA:0,(anonymous_3)
FNDA:0,(anonymous_4)
DA:1,3
DA:2,3
DA:3,3
DA:4,3
DA:5,3
DA:6,3
DA:11,3
DA:17,0
DA:18,3
DA:25,3
DA:29,0
DA:30,3
DA:36,0
LF:13
LH:10
BRDA:35,0,0,0
BRF:1
BRH:0
end_of_record
TN:
SF:src\backbone\ChargeItemDefinitionApplicability.ts
FN:50,(anonymous_2)
FN:20,(anonymous_3)
FN:32,(anonymous_4)
FN:44,(anonymous_5)
FNF:4
FNH:0
FNDA:0,(anonymous_2)
FNDA:0,(anonymous_3)
FNDA:0,(anonymous_4)
FNDA:0,(anonymous_5)
DA:1,3
DA:2,3
DA:3,3
DA:4,3
DA:5,3
DA:10,3
DA:16,3
DA:20,0
DA:21,3
DA:28,3
DA:32,0
DA:33,3
DA:40,3
DA:44,0
DA:45,3
DA:51,0
LF:16
LH:12
BRDA:50,0,0,0
BRF:1
BRH:0
end_of_record
TN:
SF:src\backbone\ChargeItemDefinitionPropertyGroup.ts
FN:33,(anonymous_2)
FN:18,(anonymous_3)
FN:27,(anonymous_4)
FNF:3
FNH:0
FNDA:0,(anonymous_2)
FNDA:0,(anonymous_3)
FNDA:0,(anonymous_4)
DA:1,3
DA:2,3
DA:3,3
DA:4,3
DA:5,3
DA:6,3
DA:11,3
DA:18,0
DA:19,3
DA:27,0
DA:28,3
DA:34,0
LF:12
LH:9
BRDA:33,0,0,0
BRF:1
BRH:0
end_of_record
TN:
SF:src\backbone\ChargeItemDefinitionPropertyGroupPriceComponent.ts
FN:51,(anonymous_2)
FN:18,(anonymous_3)
FN:26,(anonymous_4)
FN:45,(anonymous_5)
FNF:4
FNH:0
FNDA:0,(anonymous_2)
FNDA:0,(anonymous_3)
FNDA:0,(anonymous_4)
FNDA:0,(anonymous_5)
DA:1,3
DA:2,3
DA:3,3
DA:4,3
DA:5,3
DA:6,3
DA:7,3
DA:12,3
DA:18,0
DA:19,3
DA:26,0
DA:27,3
DA:34,3
DA:41,3
DA:45,0
DA:46,3
DA:52,0
LF:17
LH:13
BRDA:51,0,0,0
BRF:1
BRH:0
end_of_record
TN:
SF:src\backbone\ChargeItemPerformer.ts
FN:31,(anonymous_2)
FN:17,(anonymous_3)
FN:25,(anonymous_4)
FNF:3
FNH:0
FNDA:0,(anonymous_2)
FNDA:0,(anonymous_3)
FNDA:0,(anonymous_4)
DA:1,3
DA:2,3
DA:3,3
DA:4,3
DA:5,3
DA:6,3
DA:11,3
DA:17,0
DA:18,3
DA:25,0
DA:26,3
DA:32,0
LF:12
LH:9
BRDA:31,0,0,0
BRF:1
BRH:0
end_of_record
TN:
SF:src\backbone\ClaimAccident.ts
FN:53,(anonymous_2)
FN:23,(anonymous_3)
FN:31,(anonymous_4)
FN:39,(anonymous_5)
FN:47,(anonymous_6)
FNF:5
FNH:0
FNDA:0,(anonymous_2)
FNDA:0,(anonymous_3)
FNDA:0,(anonymous_4)
FNDA:0,(anonymous_5)
FNDA:0,(anonymous_6)
DA:1,3
DA:2,3
DA:3,3
DA:4,3
DA:5,3
DA:6,3
DA:7,3
DA:8,3
DA:13,3
DA:19,3
DA:23,0
DA:24,3
DA:31,0
DA:32,3
DA:39,0
DA:40,3
DA:47,0
DA:48,3
DA:54,0
LF:19
LH:14
BRDA:53,0,0,0
BRF:1
BRH:0
end_of_record
TN:
SF:src\backbone\ClaimCareTeam.ts
FN:59,(anonymous_2)
FN:18,(anonymous_3)
FN:26,(anonymous_4)
FN:38,(anonymous_5)
FN:46,(anonymous_6)
FNF:5
FNH:0
FNDA:0,(anonymous_2)
FNDA:0,(anonymous_3)
FNDA:0,(anonymous_4)
FNDA:0,(anonymous_5)
FNDA:0,(anonymous_6)
DA:1,3
DA:2,3
DA:3,3
DA:4,3
DA:5,3
DA:6,3
DA:7,3
DA:12,3
DA:18,0
DA:19,3
DA:26,0
DA:27,3
DA:34,3
DA:38,0
DA:39,3
DA:46,0
DA:47,3
DA:54,3
DA:60,0
LF:19
LH:14
BRDA:59,0,0,0
BRF:1
BRH:0
end_of_record
TN:
SF:src\backbone\ClaimDiagnosis.ts
FN:63,(anonymous_2)
FN:17,(anonymous_3)
FN:25,(anonymous_4)
FN:33,(anonymous_5)
FN:41,(anonymous_6)
FN:57,(anonymous_7)
FNF:6
FNH:0
FNDA:0,(anonymous_2)
FNDA:0,(anonymous_3)
FNDA:0,(anonymous_4)
FNDA:0,(anonymous_5)
FNDA:0,(anonymous_6)
FNDA:0,(anonymous_7)
DA:1,3
DA:2,3
DA:3,3
DA:4,3
DA:5,3
DA:6,3
DA:11,3
DA:17,0
DA:18,3
DA:25,0
DA:26,3
DA:33,0
DA:34,3
DA:41,0
DA:42,3
DA:49,3
DA:57,0
DA:58,3
DA:64,0
LF:19
LH:13
BRDA:63,0,0,0
BRF:1
BRH:0
end_of_record
TN:
SF:src\backbone\ClaimInsurance.ts
FN:85,(anonymous_2)
FN:22,(anonymous_3)
FN:30,(anonymous_4)
FN:38,(anonymous_5)
FN:50,(anonymous_6)
FN:58,(anonymous_7)
FN:72,(anonymous_8)
FNF:7
FNH:0
FNDA:0,(anonymous_2)
FNDA:0,(anonymous_3)
FNDA:0,(anonymous_4)
FNDA:0,(anonymous_5)
FNDA:0,(anonymous_6)
FNDA:0,(anonymous_7)
FNDA:0,(anonymous_8)
DA:1,3
DA:2,3
DA:3,3
DA:4,3
DA:5,3
DA:6,3
DA:7,3
DA:12,3
DA:18,3
DA:22,0
DA:23,3
DA:30,0
DA:31,3
DA:38,0
DA:39,3
DA:46,3
DA:50,0
DA:51,3
DA:58,0
DA:59,3
DA:67,3
DA:72,0
DA:73,3
DA:80,3
DA:86,0
LF:25
LH:18
BRDA:85,0,0,0
BRF:1
BRH:0
end_of_record
TN:
SF:src\backbone\ClaimItem.ts
FN:221,(anonymous_2)
FN:23,(anonymous_3)
FN:39,(anonymous_4)
FN:48,(anonymous_5)
FN:65,(anonymous_6)
FN:88,(anonymous_7)
FN:96,(anonymous_8)
FN:104,(anonymous_9)
FN:113,(anonymous_10)
FN:121,(anonymous_11)
FN:137,(anonymous_12)
FN:146,(anonymous_13)
FN:154,(anonymous_14)
FN:162,(anonymous_15)
FN:181,(anonymous_16)
FN:189,(anonymous_17)
FN:198,(anonymous_18)
FN:207,(anonymous_19)
FN:215,(anonymous_20)
FNF:19
FNH:0
FNDA:0,(anonymous_2)
FNDA:0,(anonymous_3)
FNDA:0,(anonymous_4)
FNDA:0,(anonymous_5)
FNDA:0,(anonymous_6)
FNDA:0,(anonymous_7)
FNDA:0,(anonymous_8)
FNDA:0,(anonymous_9)
FNDA:0,(anonymous_10)
FNDA:0,(anonymous_11)
FNDA:0,(anonymous_12)
FNDA:0,(anonymous_13)
FNDA:0,(anonymous_14)
FNDA:0,(anonymous_15)
FNDA:0,(anonymous_16)
FNDA:0,(anonymous_17)
FNDA:0,(anonymous_18)
FNDA:0,(anonymous_19)
FNDA:0,(anonymous_20)
DA:1,3
DA:2,3
DA:3,3
DA:4,3
DA:5,3
DA:6,3
DA:7,3
DA:8,3
DA:9,3
DA:10,3
DA:11,3
DA:12,3
DA:17,3
DA:23,0
DA:24,3
DA:32,3
DA:39,0
DA:40,3
DA:48,0
DA:49,3
DA:57,3
DA:65,0
DA:66,3
DA:73,3
DA:81,3
DA:88,0
DA:89,3
DA:96,0
DA:97,3
DA:104,0
DA:105,3
DA:113,0
DA:114,3
DA:121,0
DA:122,3
DA:130,3
DA:137,0
DA:138,3
DA:146,0
DA:147,3
DA:154,0
DA:155,3
DA:162,0
DA:163,3
DA:170,3
DA:177,3
DA:181,0
DA:182,3
DA:189,0
DA:190,3
DA:198,0
DA:199,3
DA:207,0
DA:208,3
DA:215,0
DA:216,3
DA:222,0
LF:57
LH:38
BRDA:221,0,0,0
BRF:1
BRH:0
end_of_record
TN:
SF:src\backbone\ClaimItemDetail.ts
FN:116,(anonymous_2)
FN:20,(anonymous_3)
FN:36,(anonymous_4)
FN:44,(anonymous_5)
FN:52,(anonymous_6)
FN:61,(anonymous_7)
FN:69,(anonymous_8)
FN:77,(anonymous_9)
FN:93,(anonymous_10)
FN:102,(anonymous_11)
FN:110,(anonymous_12)
FNF:11
FNH:0
FNDA:0,(anonymous_2)
FNDA:0,(anonymous_3)
FNDA:0,(anonymous_4)
FNDA:0,(anonymous_5)
FNDA:0,(anonymous_6)
FNDA:0,(anonymous_7)
FNDA:0,(anonymous_8)
FNDA:0,(anonymous_9)
FNDA:0,(anonymous_10)
FNDA:0,(anonymous_11)
FNDA:0,(anonymous_12)
DA:1,3
DA:2,3
DA:3,3
DA:4,3
DA:5,3
DA:6,3
DA:7,3
DA:8,3
DA:9,3
DA:14,3
DA:20,0
DA:21,3
DA:28,3
DA:36,0
DA:37,3
DA:44,0
DA:45,3
DA:52,0
DA:53,3
DA:61,0
DA:62,3
DA:69,0
DA:70,3
DA:77,0
DA:78,3
DA:85,3
DA:93,0
DA:94,3
DA:102,0
DA:103,3
DA:110,0
DA:111,3
DA:117,0
LF:33
LH:22
BRDA:116,0,0,0
BRF:1
BRH:0
end_of_record
TN:
SF:src\backbone\ClaimItemDetailSubDetail.ts
FN:106,(anonymous_2)
FN:19,(anonymous_3)
FN:35,(anonymous_4)
FN:43,(anonymous_5)
FN:51,(anonymous_6)
FN:60,(anonymous_7)
FN:68,(anonymous_8)
FN:76,(anonymous_9)
FN:92,(anonymous_10)
FN:100,(anonymous_11)
FNF:10
FNH:0
FNDA:0,(anonymous_2)
FNDA:0,(anonymous_3)
FNDA:0,(anonymous_4)
FNDA:0,(anonymous_5)
FNDA:0,(anonymous_6)
FNDA:0,(anonymous_7)
FNDA:0,(anonymous_8)
FNDA:0,(anonymous_9)
FNDA:0,(anonymous_10)
FNDA:0,(anonymous_11)
DA:1,3
DA:2,3
DA:3,3
DA:4,3
DA:5,3
DA:6,3
DA:7,3
DA:8,3
DA:13,3
DA:19,0
DA:20,3
DA:27,3
DA:35,0
DA:36,3
DA:43,0
DA:44,3
DA:51,0
DA:52,3
DA:60,0
DA:61,3
DA:68,0
DA:69,3
DA:76,0
DA:77,3
DA:84,3
DA:92,0
DA:93,3
DA:100,0
DA:101,3
DA:107,0
LF:30
LH:20
BRDA:106,0,0,0
BRF:1
BRH:0
end_of_record
TN:
SF:src\backbone\ClaimPayee.ts
FN:31,(anonymous_2)
FN:17,(anonymous_3)
FN:25,(anonymous_4)
FNF:3
FNH:0
FNDA:0,(anonymous_2)
FNDA:0,(anonymous_3)
FNDA:0,(anonymous_4)
DA:1,3
DA:2,3
DA:3,3
DA:4,3
DA:5,3
DA:6,3
DA:11,3
DA:17,0
DA:18,3
DA:25,0
DA:26,3
DA:32,0
LF:12
LH:9
BRDA:31,0,0,0
BRF:1
BRH:0
end_of_record
TN:
SF:src\backbone\ClaimProcedure.ts
FN:69,(anonymous_2)
FN:22,(anonymous_3)
FN:30,(anonymous_4)
FN:38,(anonymous_5)
FN:54,(anonymous_6)
FN:63,(anonymous_7)
FNF:6
FNH:0
FNDA:0,(anonymous_2)
FNDA:0,(anonymous_3)
FNDA:0,(anonymous_4)
FNDA:0,(anonymous_5)
FNDA:0,(anonymous_6)
FNDA:0,(anonymous_7)
DA:1,3
DA:2,3
DA:3,3
DA:4,3
DA:5,3
DA:6,3
DA:7,3
DA:12,3
DA:18,3
DA:22,0
DA:23,3
DA:30,0
DA:31,3
DA:38,0
DA:39,3
DA:46,3
DA:54,0
DA:55,3
DA:63,0
DA:64,3
DA:70,0
LF:21
LH:15
BRDA:69,0,0,0
BRF:1
BRH:0
end_of_record
TN:
SF:src\backbone\ClaimRelated.ts
FN:40,(anonymous_2)
FN:18,(anonymous_3)
FN:26,(anonymous_4)
FN:34,(anonymous_5)
FNF:4
FNH:0
FNDA:0,(anonymous_2)
FNDA:0,(anonymous_3)
FNDA:0,(anonymous_4)
FNDA:0,(anonymous_5)
DA:1,3
DA:2,3
DA:3,3
DA:4,3
DA:5,3
DA:6,3
DA:7,3
DA:12,3
DA:18,0
DA:19,3
DA:26,0
DA:27,3
DA:34,0
DA:35,3
DA:41,0
LF:15
LH:11
BRDA:40,0,0,0
BRF:1
BRH:0
end_of_record
TN:
SF:src\backbone\ClaimResponseAddItem.ts
FN:199,(anonymous_2)
FN:25,(anonymous_3)
FN:33,(anonymous_4)
FN:42,(anonymous_5)
FN:73,(anonymous_6)
FN:81,(anonymous_7)
FN:89,(anonymous_8)
FN:98,(anonymous_9)
FN:106,(anonymous_10)
FN:122,(anonymous_11)
FN:131,(anonymous_12)
FN:140,(anonymous_13)
FN:148,(anonymous_14)
FN:160,(anonymous_15)
FN:168,(anonymous_16)
FN:185,(anonymous_17)
FN:193,(anonymous_18)
FNF:17
FNH:0
FNDA:0,(anonymous_2)
FNDA:0,(anonymous_3)
FNDA:0,(anonymous_4)
FNDA:0,(anonymous_5)
FNDA:0,(anonymous_6)
FNDA:0,(anonymous_7)
FNDA:0,(anonymous_8)
FNDA:0,(anonymous_9)
FNDA:0,(anonymous_10)
FNDA:0,(anonymous_11)
FNDA:0,(anonymous_12)
FNDA:0,(anonymous_13)
FNDA:0,(anonymous_14)
FNDA:0,(anonymous_15)
FNDA:0,(anonymous_16)
FNDA:0,(anonymous_17)
FNDA:0,(anonymous_18)
DA:1,3
DA:2,3
DA:3,3
DA:4,3
DA:5,3
DA:6,3
DA:7,3
DA:8,3
DA:9,3
DA:10,3
DA:11,3
DA:12,3
DA:13,3
DA:18,3
DA:25,0
DA:26,3
DA:33,0
DA:34,3
DA:42,0
DA:43,3
DA:51,3
DA:58,3
DA:66,3
DA:73,0
DA:74,3
DA:81,0
DA:82,3
DA:89,0
DA:90,3
DA:98,0
DA:99,3
DA:106,0
DA:107,3
DA:115,3
DA:122,0
DA:123,3
DA:131,0
DA:132,3
DA:140,0
DA:141,3
DA:148,0
DA:149,3
DA:156,3
DA:160,0
DA:161,3
DA:168,0
DA:169,3
DA:177,3
DA:185,0
DA:186,3
DA:193,0
DA:194,3
DA:200,0
LF:53
LH:36
BRDA:199,0,0,0
BRF:1
BRH:0
end_of_record
TN:
SF:src\backbone\ClaimResponseAddItemDetail.ts
FN:92,(anonymous_2)
FN:21,(anonymous_3)
FN:37,(anonymous_4)
FN:45,(anonymous_5)
FN:61,(anonymous_6)
FN:69,(anonymous_7)
FN:78,(anonymous_8)
FN:86,(anonymous_9)
FNF:8
FNH:0
FNDA:0,(anonymous_2)
FNDA:0,(anonymous_3)
FNDA:0,(anonymous_4)
FNDA:0,(anonymous_5)
FNDA:0,(anonymous_6)
FNDA:0,(anonymous_7)
FNDA:0,(anonymous_8)
FNDA:0,(anonymous_9)
DA:1,3
DA:2,3
DA:3,3
DA:4,3
DA:5,3
DA:6,3
DA:7,3
DA:8,3
DA:9,3
DA:14,3
DA:21,0
DA:22,3
DA:29,3
DA:37,0
DA:38,3
DA:45,0
DA:46,3
DA:54,3
DA:61,0
DA:62,3
DA:69,0
DA:70,3
DA:78,0
DA:79,3
DA:86,0
DA:87,3
DA:93,0
LF:27
LH:19
BRDA:92,0,0,0
BRF:1
BRH:0
end_of_record
TN:
SF:src\backbone\ClaimResponseAddItemDetailSubDetail.ts
FN:82,(anonymous_2)
FN:20,(anonymous_3)
FN:36,(anonymous_4)
FN:44,(anonymous_5)
FN:60,(anonymous_6)
FN:68,(anonymous_7)
FN:76,(anonymous_8)
FNF:7
FNH:0
FNDA:0,(anonymous_2)
FNDA:0,(anonymous_3)
FNDA:0,(anonymous_4)
FNDA:0,(anonymous_5)
FNDA:0,(anonymous_6)
FNDA:0,(anonymous_7)
FNDA:0,(anonymous_8)
DA:1,3
DA:2,3
DA:3,3
DA:4,3
DA:5,3
DA:6,3
DA:7,3
DA:8,3
DA:13,3
DA:20,0
DA:21,3
DA:28,3
DA:36,0
DA:37,3
DA:44,0
DA:45,3
DA:53,3
DA:60,0
DA:61,3
DA:68,0
DA:69,3
DA:76,0
DA:77,3
DA:83,0
LF:24
LH:17
BRDA:82,0,0,0
BRF:1
BRH:0
end_of_record
TN:
SF:src\backbone\ClaimResponseError.ts
FN:43,(anonymous_2)
FN:16,(anonymous_3)
FNF:2
FNH:0
FNDA:0,(anonymous_2)
FNDA:0,(anonymous_3)
DA:1,3
DA:2,3
DA:3,3
DA:4,3
DA:5,3
DA:10,3
DA:16,0
DA:17,3
DA:24,3
DA:31,3
DA:38,3
DA:44,0
LF:12
LH:10
BRDA:43,0,0,0
BRF:1
BRH:0
end_of_record
TN:
SF:src\backbone\ClaimResponseInsurance.ts
FN:62,(anonymous_2)
FN:21,(anonymous_3)
FN:29,(anonymous_4)
FN:37,(anonymous_5)
FN:49,(anonymous_6)
FNF:5
FNH:0
FNDA:0,(anonymous_2)
FNDA:0,(anonymous_3)
FNDA:0,(anonymous_4)
FNDA:0,(anonymous_5)
FNDA:0,(anonymous_6)
DA:1,3
DA:2,3
DA:3,3
DA:4,3
DA:5,3
DA:6,3
DA:11,3
DA:17,3
DA:21,0
DA:22,3
DA:29,0
DA:30,3
DA:37,0
DA:38,3
DA:45,3
DA:49,0
DA:50,3
DA:57,3
DA:63,0
LF:19
LH:14
BRDA:62,0,0,0
BRF:1
BRH:0
end_of_record
TN:
SF:src\backbone\ClaimResponseItem.ts
FN:48,(anonymous_2)
FN:18,(anonymous_3)
FN:27,(anonymous_4)
FNF:3
FNH:0
FNDA:0,(anonymous_2)
FNDA:0,(anonymous_3)
FNDA:0,(anonymous_4)
DA:1,3
DA:2,3
DA:3,3
DA:4,3
DA:5,3
DA:6,3
DA:11,3
DA:18,0
DA:19,3
DA:27,0
DA:28,3
DA:35,3
DA:43,3
DA:49,0
LF:14
LH:11
BRDA:48,0,0,0
BRF:1
BRH:0
end_of_record
TN:
SF:src\backbone\ClaimResponseItemAdjudication.ts
FN:46,(anonymous_2)
FN:17,(anonymous_3)
FN:25,(anonymous_4)
FN:33,(anonymous_5)
FNF:4
FNH:0
FNDA:0,(anonymous_2)
FNDA:0,(anonymous_3)
FNDA:0,(anonymous_4)
FNDA:0,(anonymous_5)
DA:1,3
DA:2,3
DA:3,3
DA:4,3
DA:5,3
DA:6,3
DA:11,3
DA:17,0
DA:18,3
DA:25,0
DA:26,3
DA:33,0
DA:34,3
DA:41,3
DA:47,0
LF:15
LH:11
BRDA:46,0,0,0
BRF:1
BRH:0
end_of_record
TN:
SF:src\backbone\ClaimResponseItemDetail.ts
FN:48,(anonymous_2)
FN:18,(anonymous_3)
FN:42,(anonymous_4)
FNF:3
FNH:0
FNDA:0,(anonymous_2)
FNDA:0,(anonymous_3)
FNDA:0,(anonymous_4)
DA:1,3
DA:2,3
DA:3,3
DA:4,3
DA:5,3
DA:6,3
DA:11,3
DA:18,0
DA:19,3
DA:26,3
DA:34,3
DA:42,0
DA:43,3
DA:49,0
LF:14
LH:11
BRDA:48,0,0,0
BRF:1
BRH:0
end_of_record
TN:
SF:src\backbone\ClaimResponseItemDetailSubDetail.ts
FN:38,(anonymous_2)
FN:17,(anonymous_3)
FNF:2
FNH:0
FNDA:0,(anonymous_2)
FNDA:0,(anonymous_3)
DA:1,3
DA:2,3
DA:3,3
DA:4,3
DA:5,3
DA:10,3
DA:17,0
DA:18,3
DA:26,3
DA:33,3
DA:39,0
LF:11
LH:9
BRDA:38,0,0,0
BRF:1
BRH:0
end_of_record
TN:
SF:src\backbone\ClaimResponsePayment.ts
FN:69,(anonymous_2)
FN:19,(anonymous_3)
FN:27,(anonymous_4)
FN:35,(anonymous_5)
FN:47,(anonymous_6)
FN:55,(anonymous_7)
FN:63,(anonymous_8)
FNF:7
FNH:0
FNDA:0,(anonymous_2)
FNDA:0,(anonymous_3)
FNDA:0,(anonymous_4)
FNDA:0,(anonymous_5)
FNDA:0,(anonymous_6)
FNDA:0,(anonymous_7)
FNDA:0,(anonymous_8)
DA:1,3
DA:2,3
DA:3,3
DA:4,3
DA:5,3
DA:6,3
DA:7,3
DA:8,3
DA:13,3
DA:19,0
DA:20,3
DA:27,0
DA:28,3
DA:35,0
DA:36,3
DA:43,3
DA:47,0
DA:48,3
DA:55,0
DA:56,3
DA:63,0
DA:64,3
DA:70,0
LF:23
LH:16
BRDA:69,0,0,0
BRF:1
BRH:0
end_of_record
TN:
SF:src\backbone\ClaimResponseProcessNote.ts
FN:54,(anonymous_2)
FN:17,(anonymous_3)
FN:36,(anonymous_4)
FN:48,(anonymous_5)
FNF:4
FNH:0
FNDA:0,(anonymous_2)
FNDA:0,(anonymous_3)
FNDA:0,(anonymous_4)
FNDA:0,(anonymous_5)
DA:1,3
DA:2,3
DA:3,3
DA:4,3
DA:5,3
DA:6,3
DA:11,3
DA:17,0
DA:18,3
DA:25,3
DA:32,3
DA:36,0
DA:37,3
DA:44,3
DA:48,0
DA:49,3
DA:55,0
LF:17
LH:13
BRDA:54,0,0,0
BRF:1
BRH:0
end_of_record
TN:
SF:src\backbone\ClaimResponseTotal.ts
FN:31,(anonymous_2)
FN:17,(anonymous_3)
FN:25,(anonymous_4)
FNF:3
FNH:0
FNDA:0,(anonymous_2)
FNDA:0,(anonymous_3)
FNDA:0,(anonymous_4)
DA:1,3
DA:2,3
DA:3,3
DA:4,3
DA:5,3
DA:6,3
DA:11,3
DA:17,0
DA:18,3
DA:25,0
DA:26,3
DA:32,0
LF:12
LH:9
BRDA:31,0,0,0
BRF:1
BRH:0
end_of_record
TN:
SF:src\backbone\ClaimSupportingInfo.ts
FN:118,(anonymous_2)
FN:21,(anonymous_3)
FN:29,(anonymous_4)
FN:37,(anonymous_5)
FN:56,(anonymous_6)
FN:64,(anonymous_7)
FN:76,(anonymous_8)
FN:88,(anonymous_9)
FN:96,(anonymous_10)
FN:104,(anonymous_11)
FN:112,(anonymous_12)
FNF:11
FNH:0
FNDA:0,(anonymous_2)
FNDA:0,(anonymous_3)
FNDA:0,(anonymous_4)
FNDA:0,(anonymous_5)
FNDA:0,(anonymous_6)
FNDA:0,(anonymous_7)
FNDA:0,(anonymous_8)
FNDA:0,(anonymous_9)
FNDA:0,(anonymous_10)
FNDA:0,(anonymous_11)
FNDA:0,(anonymous_12)
DA:1,3
DA:2,3
DA:3,3
DA:4,3
DA:5,3
DA:6,3
DA:7,3
DA:8,3
DA:9,3
DA:10,3
DA:15,3
DA:21,0
DA:22,3
DA:29,0
DA:30,3
DA:37,0
DA:38,3
DA:45,3
DA:52,3
DA:56,0
DA:57,3
DA:64,0
DA:65,3
DA:72,3
DA:76,0
DA:77,3
DA:84,3
DA:88,0
DA:89,3
DA:96,0
DA:97,3
DA:104,0
DA:105,3
DA:112,0
DA:113,3
DA:119,0
LF:36
LH:25
BRDA:118,0,0,0
BRF:1
BRH:0
end_of_record
TN:
SF:src\backbone\ClinicalImpressionFinding.ts
FN:44,(anonymous_2)
FN:22,(anonymous_3)
FN:30,(anonymous_4)
FN:38,(anonymous_5)
FNF:4
FNH:0
FNDA:0,(anonymous_2)
FNDA:0,(anonymous_3)
FNDA:0,(anonymous_4)
FNDA:0,(anonymous_5)
DA:1,3
DA:2,3
DA:3,3
DA:4,3
DA:5,3
DA:6,3
DA:7,3
DA:12,3
DA:18,3
DA:22,0
DA:23,3
DA:30,0
DA:31,3
DA:38,0
DA:39,3
DA:45,0
LF:16
LH:12
BRDA:44,0,0,0
BRF:1
BRH:0
end_of_record
TN:
SF:src\backbone\ClinicalImpressionInvestigation.ts
FN:32,(anonymous_2)
FN:17,(anonymous_3)
FN:26,(anonymous_4)
FNF:3
FNH:0
FNDA:0,(anonymous_2)
FNDA:0,(anonymous_3)
FNDA:0,(anonymous_4)
DA:1,3
DA:2,3
DA:3,3
DA:4,3
DA:5,3
DA:6,3
DA:11,3
DA:17,0
DA:18,3
DA:26,0
DA:27,3
DA:33,0
LF:12
LH:9
BRDA:32,0,0,0
BRF:1
BRH:0
end_of_record
TN:
SF:src\backbone\CodeSystemConcept.ts
FN:79,(anonymous_2)
FN:22,(anonymous_3)
FN:31,(anonymous_4)
FN:43,(anonymous_5)
FN:52,(anonymous_6)
FN:64,(anonymous_7)
FN:73,(anonymous_8)
FNF:7
FNH:0
FNDA:0,(anonymous_2)
FNDA:0,(anonymous_3)
FNDA:0,(anonymous_4)
FNDA:0,(anonymous_5)
FNDA:0,(anonymous_6)
FNDA:0,(anonymous_7)
FNDA:0,(anonymous_8)
DA:1,3
DA:2,3
DA:3,3
DA:4,3
DA:5,3
DA:6,3
DA:7,3
DA:12,3
DA:18,3
DA:22,0
DA:23,3
DA:31,0
DA:32,3
DA:39,3
DA:43,0
DA:44,3
DA:52,0
DA:53,3
DA:60,3
DA:64,0
DA:65,3
DA:73,0
DA:74,3
DA:80,0
LF:24
LH:17
BRDA:79,0,0,0
BRF:1
BRH:0
end_of_record
TN:
SF:src\backbone\CodeSystemConceptDesignation.ts
FN:47,(anonymous_2)
FN:21,(anonymous_3)
FN:29,(anonymous_4)
FN:41,(anonymous_5)
FNF:4
FNH:0
FNDA:0,(anonymous_2)
FNDA:0,(anonymous_3)
FNDA:0,(anonymous_4)
FNDA:0,(anonymous_5)
DA:1,3
DA:2,3
DA:3,3
DA:4,3
DA:5,3
DA:6,3
DA:11,3
DA:17,3
DA:21,0
DA:22,3
DA:29,0
DA:30,3
DA:37,3
DA:41,0
DA:42,3
DA:48,0
LF:16
LH:12
BRDA:47,0,0,0
BRF:1
BRH:0
end_of_record
TN:
SF:src\backbone\CodeSystemConceptProperty.ts
FN:97,(anonymous_2)
FN:21,(anonymous_3)
FN:33,(anonymous_4)
FN:41,(anonymous_5)
FN:53,(anonymous_6)
FN:72,(anonymous_7)
FN:84,(anonymous_8)
FNF:7
FNH:0
FNDA:0,(anonymous_2)
FNDA:0,(anonymous_3)
FNDA:0,(anonymous_4)
FNDA:0,(anonymous_5)
FNDA:0,(anonymous_6)
FNDA:0,(anonymous_7)
FNDA:0,(anonymous_8)
DA:1,3
DA:2,3
DA:3,3
DA:4,3
DA:5,3
DA:6,3
DA:11,3
DA:17,3
DA:21,0
DA:22,3
DA:29,3
DA:33,0
DA:34,3
DA:41,0
DA:42,3
DA:49,3
DA:53,0
DA:54,3
DA:61,3
DA:68,3
DA:72,0
DA:73,3
DA:80,3
DA:84,0
DA:85,3
DA:92,3
DA:98,0
LF:27
LH:20
BRDA:97,0,0,0
BRF:1
BRH:0
end_of_record
TN:
SF:src\backbone\CodeSystemFilter.ts
FN:63,(anonymous_2)
FN:20,(anonymous_3)
FN:32,(anonymous_4)
FN:45,(anonymous_5)
FN:57,(anonymous_6)
FNF:5
FNH:0
FNDA:0,(anonymous_2)
FNDA:0,(anonymous_3)
FNDA:0,(anonymous_4)
FNDA:0,(anonymous_5)
FNDA:0,(anonymous_6)
DA:1,3
DA:2,3
DA:3,3
DA:4,3
DA:5,3
DA:10,3
DA:16,3
DA:20,0
DA:21,3
DA:28,3
DA:32,0
DA:33,3
DA:40,3
DA:45,0
DA:46,3
DA:53,3
DA:57,0
DA:58,3
DA:64,0
LF:19
LH:14
BRDA:63,0,0,0
BRF:1
BRH:0
end_of_record
TN:
SF:src\backbone\CodeSystemProperty.ts
FN:62,(anonymous_2)
FN:20,(anonymous_3)
FN:32,(anonymous_4)
FN:44,(anonymous_5)
FN:56,(anonymous_6)
FNF:5
FNH:0
FNDA:0,(anonymous_2)
FNDA:0,(anonymous_3)
FNDA:0,(anonymous_4)
FNDA:0,(anonymous_5)
FNDA:0,(anonymous_6)
DA:1,3
DA:2,3
DA:3,3
DA:4,3
DA:5,3
DA:10,3
DA:16,3
DA:20,0
DA:21,3
DA:28,3
DA:32,0
DA:33,3
DA:40,3
DA:44,0
DA:45,3
DA:52,3
DA:56,0
DA:57,3
DA:63,0
LF:19
LH:14
BRDA:62,0,0,0
BRF:1
BRH:0
end_of_record
TN:
SF:src\backbone\CommunicationPayload.ts
FN:44,(anonymous_2)
FN:22,(anonymous_3)
FN:30,(anonymous_4)
FN:38,(anonymous_5)
FNF:4
FNH:0
FNDA:0,(anonymous_2)
FNDA:0,(anonymous_3)
FNDA:0,(anonymous_4)
FNDA:0,(anonymous_5)
DA:1,3
DA:2,3
DA:3,3
DA:4,3
DA:5,3
DA:6,3
DA:7,3
DA:12,3
DA:18,3
DA:22,0
DA:23,3
DA:30,0
DA:31,3
DA:38,0
DA:39,3
DA:45,0
LF:16
LH:12
BRDA:44,0,0,0
BRF:1
BRH:0
end_of_record
TN:
SF:src\backbone\CommunicationRequestPayload.ts
FN:44,(anonymous_2)
FN:22,(anonymous_3)
FN:30,(anonymous_4)
FN:38,(anonymous_5)
FNF:4
FNH:0
FNDA:0,(anonymous_2)
FNDA:0,(anonymous_3)
FNDA:0,(anonymous_4)
FNDA:0,(anonymous_5)
DA:1,3
DA:2,3
DA:3,3
DA:4,3
DA:5,3
DA:6,3
DA:7,3
DA:12,3
DA:18,3
DA:22,0
DA:23,3
DA:30,0
DA:31,3
DA:38,0
DA:39,3
DA:45,0
LF:16
LH:12
BRDA:44,0,0,0
BRF:1
BRH:0
end_of_record
TN:
SF:src\backbone\CompartmentDefinitionResource.ts
FN:52,(anonymous_2)
FN:20,(anonymous_3)
FN:32,(anonymous_4)
FN:46,(anonymous_5)
FNF:4
FNH:0
FNDA:0,(anonymous_2)
FNDA:0,(anonymous_3)
FNDA:0,(anonymous_4)
FNDA:0,(anonymous_5)
DA:1,3
DA:2,3
DA:3,3
DA:4,3
DA:5,3
DA:10,3
DA:16,3
DA:20,0
DA:21,3
DA:28,3
DA:32,0
DA:33,3
DA:41,3
DA:46,0
DA:47,3
DA:53,0
LF:16
LH:12
BRDA:52,0,0,0
BRF:1
BRH:0
end_of_record
TN:
SF:src\backbone\CompositionAttester.ts
FN:47,(anonymous_2)
FN:21,(anonymous_3)
FN:29,(anonymous_4)
FN:41,(anonymous_5)
FNF:4
FNH:0
FNDA:0,(anonymous_2)
FNDA:0,(anonymous_3)
FNDA:0,(anonymous_4)
FNDA:0,(anonymous_5)
DA:1,3
DA:2,3
DA:3,3
DA:4,3
DA:5,3
DA:6,3
DA:11,3
DA:17,3
DA:21,0
DA:22,3
DA:29,0
DA:30,3
DA:37,3
DA:41,0
DA:42,3
DA:48,0
LF:16
LH:12
BRDA:47,0,0,0
BRF:1
BRH:0
end_of_record
TN:
SF:src\backbone\CompositionEvent.ts
FN:42,(anonymous_2)
FN:19,(anonymous_3)
FN:28,(anonymous_4)
FN:36,(anonymous_5)
FNF:4
FNH:0
FNDA:0,(anonymous_2)
FNDA:0,(anonymous_3)
FNDA:0,(anonymous_4)
FNDA:0,(anonymous_5)
DA:1,3
DA:2,3
DA:3,3
DA:4,3
DA:5,3
DA:6,3
DA:7,3
DA:12,3
DA:19,0
DA:20,3
DA:28,0
DA:29,3
DA:36,0
DA:37,3
DA:43,0
LF:15
LH:11
BRDA:42,0,0,0
BRF:1
BRH:0
end_of_record
TN:
SF:src\backbone\CompositionRelatesTo.ts
FN:44,(anonymous_2)
FN:22,(anonymous_3)
FN:30,(anonymous_4)
FN:38,(anonymous_5)
FNF:4
FNH:0
FNDA:0,(anonymous_2)
FNDA:0,(anonymous_3)
FNDA:0,(anonymous_4)
FNDA:0,(anonymous_5)
DA:1,3
DA:2,3
DA:3,3
DA:4,3
DA:5,3
DA:6,3
DA:7,3
DA:12,3
DA:18,3
DA:22,0
DA:23,3
DA:30,0
DA:31,3
DA:38,0
DA:39,3
DA:45,0
LF:16
LH:12
BRDA:44,0,0,0
BRF:1
BRH:0
end_of_record
TN:
SF:src\backbone\CompositionSection.ts
FN:108,(anonymous_2)
FN:20,(anonymous_3)
FN:28,(anonymous_4)
FN:36,(anonymous_5)
FN:45,(anonymous_6)
FN:53,(anonymous_7)
FN:65,(anonymous_8)
FN:73,(anonymous_9)
FN:82,(anonymous_10)
FN:90,(anonymous_11)
FN:102,(anonymous_12)
FNF:11
FNH:0
FNDA:0,(anonymous_2)
FNDA:0,(anonymous_3)
FNDA:0,(anonymous_4)
FNDA:0,(anonymous_5)
FNDA:0,(anonymous_6)
FNDA:0,(anonymous_7)
FNDA:0,(anonymous_8)
FNDA:0,(anonymous_9)
FNDA:0,(anonymous_10)
FNDA:0,(anonymous_11)
FNDA:0,(anonymous_12)
DA:1,3
DA:2,3
DA:3,3
DA:4,3
DA:5,3
DA:6,3
DA:7,3
DA:8,3
DA:13,3
DA:20,0
DA:21,3
DA:28,0
DA:29,3
DA:36,0
DA:37,3
DA:45,0
DA:46,3
DA:53,0
DA:54,3
DA:61,3
DA:65,0
DA:66,3
DA:73,0
DA:74,3
DA:82,0
DA:83,3
DA:90,0
DA:91,3
DA:98,3
DA:102,0
DA:103,3
DA:109,0
LF:32
LH:21
BRDA:108,0,0,0
BRF:1
BRH:0
end_of_record
TN:
SF:src\backbone\ConceptMapGroup.ts
FN:81,(anonymous_2)
FN:19,(anonymous_3)
FN:31,(anonymous_4)
FN:43,(anonymous_5)
FN:55,(anonymous_6)
FN:67,(anonymous_7)
FN:75,(anonymous_8)
FNF:7
FNH:0
FNDA:0,(anonymous_2)
FNDA:0,(anonymous_3)
FNDA:0,(anonymous_4)
FNDA:0,(anonymous_5)
FNDA:0,(anonymous_6)
FNDA:0,(anonymous_7)
FNDA:0,(anonymous_8)
DA:1,3
DA:2,3
DA:3,3
DA:4,3
DA:5,3
DA:6,3
DA:7,3
DA:12,3
DA:19,0
DA:20,3
DA:27,3
DA:31,0
DA:32,3
DA:39,3
DA:43,0
DA:44,3
DA:51,3
DA:55,0
DA:56,3
DA:63,3
DA:67,0
DA:68,3
DA:75,0
DA:76,3
DA:82,0
LF:25
LH:18
BRDA:81,0,0,0
BRF:1
BRH:0
end_of_record
TN:
SF:src\backbone\ConceptMapGroupElement.ts
FN:48,(anonymous_2)
FN:21,(anonymous_3)
FN:33,(anonymous_4)
FN:42,(anonymous_5)
FNF:4
FNH:0
FNDA:0,(anonymous_2)
FNDA:0,(anonymous_3)
FNDA:0,(anonymous_4)
FNDA:0,(anonymous_5)
DA:1,3
DA:2,3
DA:3,3
DA:4,3
DA:5,3
DA:6,3
DA:11,3
DA:17,3
DA:21,0
DA:22,3
DA:29,3
DA:33,0
DA:34,3
DA:42,0
DA:43,3
DA:49,0
LF:16
LH:12
BRDA:48,0,0,0
BRF:1
BRH:0
end_of_record
TN:
SF:src\backbone\ConceptMapGroupElementTarget.ts
FN:81,(anonymous_2)
FN:21,(anonymous_3)
FN:33,(anonymous_4)
FN:42,(anonymous_5)
FN:54,(anonymous_6)
FN:66,(anonymous_7)
FN:75,(anonymous_8)
FNF:7
FNH:0
FNDA:0,(anonymous_2)
FNDA:0,(anonymous_3)
FNDA:0,(anonymous_4)
FNDA:0,(anonymous_5)
FNDA:0,(anonymous_6)
FNDA:0,(anonymous_7)
FNDA:0,(anonymous_8)
DA:1,3
DA:2,3
DA:3,3
DA:4,3
DA:5,3
DA:6,3
DA:11,3
DA:17,3
DA:21,0
DA:22,3
DA:29,3
DA:33,0
DA:34,3
DA:42,0
DA:43,3
DA:50,3
DA:54,0
DA:55,3
DA:62,3
DA:66,0
DA:67,3
DA:75,0
DA:76,3
DA:82,0
LF:24
LH:17
BRDA:81,0,0,0
BRF:1
BRH:0
end_of_record
TN:
SF:src\backbone\ConceptMapGroupElementTargetDependsOn.ts
FN:62,(anonymous_2)
FN:20,(anonymous_3)
FN:32,(anonymous_4)
FN:44,(anonymous_5)
FN:56,(anonymous_6)
FNF:5
FNH:0
FNDA:0,(anonymous_2)
FNDA:0,(anonymous_3)
FNDA:0,(anonymous_4)
FNDA:0,(anonymous_5)
FNDA:0,(anonymous_6)
DA:1,3
DA:2,3
DA:3,3
DA:4,3
DA:5,3
DA:10,3
DA:16,3
DA:20,0
DA:21,3
DA:28,3
DA:32,0
DA:33,3
DA:40,3
DA:44,0
DA:45,3
DA:52,3
DA:56,0
DA:57,3
DA:63,0
LF:19
LH:14
BRDA:62,0,0,0
BRF:1
BRH:0
end_of_record
TN:
SF:src\backbone\ConceptMapGroupUnmapped.ts
FN:62,(anonymous_2)
FN:20,(anonymous_3)
FN:32,(anonymous_4)
FN:44,(anonymous_5)
FN:56,(anonymous_6)
FNF:5
FNH:0
FNDA:0,(anonymous_2)
FNDA:0,(anonymous_3)
FNDA:0,(anonymous_4)
FNDA:0,(anonymous_5)
FNDA:0,(anonymous_6)
DA:1,3
DA:2,3
DA:3,3
DA:4,3
DA:5,3
DA:10,3
DA:16,3
DA:20,0
DA:21,3
DA:28,3
DA:32,0
DA:33,3
DA:40,3
DA:44,0
DA:45,3
DA:52,3
DA:56,0
DA:57,3
DA:63,0
LF:19
LH:14
BRDA:62,0,0,0
BRF:1
BRH:0
end_of_record
TN:
SF:src\backbone\ConditionEvidence.ts
FN:33,(anonymous_2)
FN:18,(anonymous_3)
FN:27,(anonymous_4)
FNF:3
FNH:0
FNDA:0,(anonymous_2)
FNDA:0,(anonymous_3)
FNDA:0,(anonymous_4)
DA:1,3
DA:2,3
DA:3,3
DA:4,3
DA:5,3
DA:6,3
DA:11,3
DA:18,0
DA:19,3
DA:27,0
DA:28,3
DA:34,0
LF:12
LH:9
BRDA:33,0,0,0
BRF:1
BRH:0
end_of_record
TN:
SF:src\backbone\ConditionStage.ts
FN:40,(anonymous_2)
FN:18,(anonymous_3)
FN:26,(anonymous_4)
FN:34,(anonymous_5)
FNF:4
FNH:0
FNDA:0,(anonymous_2)
FNDA:0,(anonymous_3)
FNDA:0,(anonymous_4)
FNDA:0,(anonymous_5)
DA:1,3
DA:2,3
DA:3,3
DA:4,3
DA:5,3
DA:6,3
DA:11,3
DA:18,0
DA:19,3
DA:26,0
DA:27,3
DA:34,0
DA:35,3
DA:41,0
LF:14
LH:10
BRDA:40,0,0,0
BRF:1
BRH:0
end_of_record
TN:
SF:src\backbone\ConsentPolicy.ts
FN:38,(anonymous_2)
FN:20,(anonymous_3)
FN:32,(anonymous_4)
FNF:3
FNH:0
FNDA:0,(anonymous_2)
FNDA:0,(anonymous_3)
FNDA:0,(anonymous_4)
DA:1,3
DA:2,3
DA:3,3
DA:4,3
DA:5,3
DA:10,3
DA:16,3
DA:20,0
DA:21,3
DA:28,3
DA:32,0
DA:33,3
DA:39,0
LF:13
LH:10
BRDA:38,0,0,0
BRF:1
BRH:0
end_of_record
TN:
SF:src\backbone\ConsentProvision.ts
FN:119,(anonymous_2)
FN:22,(anonymous_3)
FN:31,(anonymous_4)
FN:40,(anonymous_5)
FN:49,(anonymous_6)
FN:58,(anonymous_7)
FN:66,(anonymous_8)
FN:74,(anonymous_9)
FN:83,(anonymous_10)
FN:92,(anonymous_11)
FN:101,(anonymous_12)
FN:113,(anonymous_13)
FNF:12
FNH:0
FNDA:0,(anonymous_2)
FNDA:0,(anonymous_3)
FNDA:0,(anonymous_4)
FNDA:0,(anonymous_5)
FNDA:0,(anonymous_6)
FNDA:0,(anonymous_7)
FNDA:0,(anonymous_8)
FNDA:0,(anonymous_9)
FNDA:0,(anonymous_10)
FNDA:0,(anonymous_11)
FNDA:0,(anonymous_12)
FNDA:0,(anonymous_13)
DA:1,3
DA:2,3
DA:3,3
DA:4,3
DA:5,3
DA:6,3
DA:7,3
DA:8,3
DA:9,3
DA:10,3
DA:15,3
DA:22,0
DA:23,3
DA:31,0
DA:32,3
DA:40,0
DA:41,3
DA:49,0
DA:50,3
DA:58,0
DA:59,3
DA:66,0
DA:67,3
DA:74,0
DA:75,3
DA:83,0
DA:84,3
DA:92,0
DA:93,3
DA:101,0
DA:102,3
DA:109,3
DA:113,0
DA:114,3
DA:120,0
LF:35
LH:23
BRDA:119,0,0,0
BRF:1
BRH:0
end_of_record
TN:
SF:src\backbone\ConsentProvisionActor.ts
FN:31,(anonymous_2)
FN:17,(anonymous_3)
FN:25,(anonymous_4)
FNF:3
FNH:0
FNDA:0,(anonymous_2)
FNDA:0,(anonymous_3)
FNDA:0,(anonymous_4)
DA:1,3
DA:2,3
DA:3,3
DA:4,3
DA:5,3
DA:6,3
DA:11,3
DA:17,0
DA:18,3
DA:25,0
DA:26,3
DA:32,0
LF:12
LH:9
BRDA:31,0,0,0
BRF:1
BRH:0
end_of_record
TN:
SF:src\backbone\ConsentProvisionData.ts
FN:35,(anonymous_2)
FN:21,(anonymous_3)
FN:29,(anonymous_4)
FNF:3
FNH:0
FNDA:0,(anonymous_2)
FNDA:0,(anonymous_3)
FNDA:0,(anonymous_4)
DA:1,3
DA:2,3
DA:3,3
DA:4,3
DA:5,3
DA:6,3
DA:11,3
DA:17,3
DA:21,0
DA:22,3
DA:29,0
DA:30,3
DA:36,0
LF:13
LH:10
BRDA:35,0,0,0
BRF:1
BRH:0
end_of_record
TN:
SF:src\backbone\ConsentVerification.ts
FN:47,(anonymous_2)
FN:21,(anonymous_3)
FN:33,(anonymous_4)
FN:41,(anonymous_5)
FNF:4
FNH:0
FNDA:0,(anonymous_2)
FNDA:0,(anonymous_3)
FNDA:0,(anonymous_4)
FNDA:0,(anonymous_5)
DA:1,3
DA:2,3
DA:3,3
DA:4,3
DA:5,3
DA:6,3
DA:11,3
DA:17,3
DA:21,0
DA:22,3
DA:29,3
DA:33,0
DA:34,3
DA:41,0
DA:42,3
DA:48,0
LF:16
LH:12
BRDA:47,0,0,0
BRF:1
BRH:0
end_of_record
TN:
SF:src\backbone\ContractContentDefinition.ts
FN:76,(anonymous_2)
FN:22,(anonymous_3)
FN:34,(anonymous_4)
FN:46,(anonymous_5)
FN:54,(anonymous_6)
FN:62,(anonymous_7)
FN:70,(anonymous_8)
FNF:7
FNH:0
FNDA:0,(anonymous_2)
FNDA:0,(anonymous_3)
FNDA:0,(anonymous_4)
FNDA:0,(anonymous_5)
FNDA:0,(anonymous_6)
FNDA:0,(anonymous_7)
FNDA:0,(anonymous_8)
DA:1,3
DA:2,3
DA:3,3
DA:4,3
DA:5,3
DA:6,3
DA:7,3
DA:12,3
DA:18,3
DA:22,0
DA:23,3
DA:30,3
DA:34,0
DA:35,3
DA:42,3
DA:46,0
DA:47,3
DA:54,0
DA:55,3
DA:62,0
DA:63,3
DA:70,0
DA:71,3
DA:77,0
LF:24
LH:17
BRDA:76,0,0,0
BRF:1
BRH:0
end_of_record
TN:
SF:src\backbone\ContractFriendly.ts
FN:31,(anonymous_2)
FN:17,(anonymous_3)
FN:25,(anonymous_4)
FNF:3
FNH:0
FNDA:0,(anonymous_2)
FNDA:0,(anonymous_3)
FNDA:0,(anonymous_4)
DA:1,3
DA:2,3
DA:3,3
DA:4,3
DA:5,3
DA:6,3
DA:11,3
DA:17,0
DA:18,3
DA:25,0
DA:26,3
DA:32,0
LF:12
LH:9
BRDA:31,0,0,0
BRF:1
BRH:0
end_of_record
TN:
SF:src\backbone\ContractLegal.ts
FN:31,(anonymous_2)
FN:17,(anonymous_3)
FN:25,(anonymous_4)
FNF:3
FNH:0
FNDA:0,(anonymous_2)
FNDA:0,(anonymous_3)
FNDA:0,(anonymous_4)
DA:1,3
DA:2,3
DA:3,3
DA:4,3
DA:5,3
DA:6,3
DA:11,3
DA:17,0
DA:18,3
DA:25,0
DA:26,3
DA:32,0
LF:12
LH:9
BRDA:31,0,0,0
BRF:1
BRH:0
end_of_record
TN:
SF:src\backbone\ContractRule.ts
FN:31,(anonymous_2)
FN:17,(anonymous_3)
FN:25,(anonymous_4)
FNF:3
FNH:0
FNDA:0,(anonymous_2)
FNDA:0,(anonymous_3)
FNDA:0,(anonymous_4)
DA:1,3
DA:2,3
DA:3,3
DA:4,3
DA:5,3
DA:6,3
DA:11,3
DA:17,0
DA:18,3
DA:25,0
DA:26,3
DA:32,0
LF:12
LH:9
BRDA:31,0,0,0
BRF:1
BRH:0
end_of_record
TN:
SF:src\backbone\ContractSigner.ts
FN:41,(anonymous_2)
FN:18,(anonymous_3)
FN:27,(anonymous_4)
FN:35,(anonymous_5)
FNF:4
FNH:0
FNDA:0,(anonymous_2)
FNDA:0,(anonymous_3)
FNDA:0,(anonymous_4)
FNDA:0,(anonymous_5)
DA:1,3
DA:2,3
DA:3,3
DA:4,3
DA:5,3
DA:6,3
DA:7,3
DA:12,3
DA:18,0
DA:19,3
DA:27,0
DA:28,3
DA:35,0
DA:36,3
DA:42,0
LF:15
LH:11
BRDA:41,0,0,0
BRF:1
BRH:0
end_of_record
TN:
SF:src\backbone\ContractTerm.ts
FN:138,(anonymous_2)
FN:25,(anonymous_3)
FN:33,(anonymous_4)
FN:42,(anonymous_5)
FN:51,(anonymous_6)
FN:59,(anonymous_7)
FN:71,(anonymous_8)
FN:79,(anonymous_9)
FN:88,(anonymous_10)
FN:96,(anonymous_11)
FN:108,(anonymous_12)
FN:116,(anonymous_13)
FN:124,(anonymous_14)
FN:132,(anonymous_15)
FNF:14
FNH:0
FNDA:0,(anonymous_2)
FNDA:0,(anonymous_3)
FNDA:0,(anonymous_4)
FNDA:0,(anonymous_5)
FNDA:0,(anonymous_6)
FNDA:0,(anonymous_7)
FNDA:0,(anonymous_8)
FNDA:0,(anonymous_9)
FNDA:0,(anonymous_10)
FNDA:0,(anonymous_11)
FNDA:0,(anonymous_12)
FNDA:0,(anonymous_13)
FNDA:0,(anonymous_14)
FNDA:0,(anonymous_15)
DA:1,3
DA:2,3
DA:3,3
DA:4,3
DA:5,3
DA:6,3
DA:7,3
DA:8,3
DA:9,3
DA:10,3
DA:11,3
DA:12,3
DA:13,3
DA:18,3
DA:25,0
DA:26,3
DA:33,0
DA:34,3
DA:42,0
DA:43,3
DA:51,0
DA:52,3
DA:59,0
DA:60,3
DA:67,3
DA:71,0
DA:72,3
DA:79,0
DA:80,3
DA:88,0
DA:89,3
DA:96,0
DA:97,3
DA:104,3
DA:108,0
DA:109,3
DA:116,0
DA:117,3
DA:124,0
DA:125,3
DA:132,0
DA:133,3
DA:139,0
LF:43
LH:29
BRDA:138,0,0,0
BRF:1
BRH:0
end_of_record
TN:
SF:src\backbone\ContractTermAction.ts
FN:246,(anonymous_2)
FN:22,(anonymous_3)
FN:36,(anonymous_4)
FN:48,(anonymous_5)
FN:56,(anonymous_6)
FN:70,(anonymous_7)
FN:79,(anonymous_8)
FN:91,(anonymous_9)
FN:99,(anonymous_10)
FN:107,(anonymous_11)
FN:115,(anonymous_12)
FN:129,(anonymous_13)
FN:137,(anonymous_14)
FN:146,(anonymous_15)
FN:160,(anonymous_16)
FN:169,(anonymous_17)
FN:183,(anonymous_18)
FN:192,(anonymous_19)
FN:201,(anonymous_20)
FN:215,(anonymous_21)
FN:231,(anonymous_22)
FN:240,(anonymous_23)
FNF:22
FNH:0
FNDA:0,(anonymous_2)
FNDA:0,(anonymous_3)
FNDA:0,(anonymous_4)
FNDA:0,(anonymous_5)
FNDA:0,(anonymous_6)
FNDA:0,(anonymous_7)
FNDA:0,(anonymous_8)
FNDA:0,(anonymous_9)
FNDA:0,(anonymous_10)
FNDA:0,(anonymous_11)
FNDA:0,(anonymous_12)
FNDA:0,(anonymous_13)
FNDA:0,(anonymous_14)
FNDA:0,(anonymous_15)
FNDA:0,(anonymous_16)
FNDA:0,(anonymous_17)
FNDA:0,(anonymous_18)
FNDA:0,(anonymous_19)
FNDA:0,(anonymous_20)
FNDA:0,(anonymous_21)
FNDA:0,(anonymous_22)
FNDA:0,(anonymous_23)
DA:1,3
DA:2,3
DA:3,3
DA:4,3
DA:5,3
DA:6,3
DA:7,3
DA:8,3
DA:9,3
DA:10,3
DA:11,3
DA:16,3
DA:22,0
DA:23,3
DA:31,3
DA:36,0
DA:37,3
DA:44,3
DA:48,0
DA:49,3
DA:56,0
DA:57,3
DA:65,3
DA:70,0
DA:71,3
DA:79,0
DA:80,3
DA:87,3
DA:91,0
DA:92,3
DA:99,0
DA:100,3
DA:107,0
DA:108,3
DA:115,0
DA:116,3
DA:124,3
DA:129,0
DA:130,3
DA:137,0
DA:138,3
DA:146,0
DA:147,3
DA:155,3
DA:160,0
DA:161,3
DA:169,0
DA:170,3
DA:178,3
DA:183,0
DA:184,3
DA:192,0
DA:193,3
DA:201,0
DA:202,3
DA:210,3
DA:215,0
DA:216,3
DA:224,3
DA:231,0
DA:232,3
DA:240,0
DA:241,3
DA:247,0
LF:64
LH:42
BRDA:246,0,0,0
BRF:1
BRH:0
end_of_record
TN:
SF:src\backbone\ContractTermActionSubject.ts
FN:32,(anonymous_2)
FN:18,(anonymous_3)
FN:26,(anonymous_4)
FNF:3
FNH:0
FNDA:0,(anonymous_2)
FNDA:0,(anonymous_3)
FNDA:0,(anonymous_4)
DA:1,3
DA:2,3
DA:3,3
DA:4,3
DA:5,3
DA:6,3
DA:11,3
DA:18,0
DA:19,3
DA:26,0
DA:27,3
DA:33,0
LF:12
LH:9
BRDA:32,0,0,0
BRF:1
BRH:0
end_of_record
TN:
SF:src\backbone\ContractTermAsset.ts
FN:164,(anonymous_2)
FN:24,(anonymous_3)
FN:36,(anonymous_4)
FN:45,(anonymous_5)
FN:59,(anonymous_6)
FN:68,(anonymous_7)
FN:77,(anonymous_8)
FN:85,(anonymous_9)
FN:93,(anonymous_10)
FN:110,(anonymous_11)
FN:122,(anonymous_12)
FN:131,(anonymous_13)
FN:140,(anonymous_14)
FN:149,(anonymous_15)
FN:158,(anonymous_16)
FNF:15
FNH:0
FNDA:0,(anonymous_2)
FNDA:0,(anonymous_3)
FNDA:0,(anonymous_4)
FNDA:0,(anonymous_5)
FNDA:0,(anonymous_6)
FNDA:0,(anonymous_7)
FNDA:0,(anonymous_8)
FNDA:0,(anonymous_9)
FNDA:0,(anonymous_10)
FNDA:0,(anonymous_11)
FNDA:0,(anonymous_12)
FNDA:0,(anonymous_13)
FNDA:0,(anonymous_14)
FNDA:0,(anonymous_15)
FNDA:0,(anonymous_16)
DA:1,3
DA:2,3
DA:3,3
DA:4,3
DA:5,3
DA:6,3
DA:7,3
DA:8,3
DA:9,3
DA:10,3
DA:11,3
DA:12,3
DA:17,3
DA:24,0
DA:25,3
DA:32,3
DA:36,0
DA:37,3
DA:45,0
DA:46,3
DA:54,3
DA:59,0
DA:60,3
DA:68,0
DA:69,3
DA:77,0
DA:78,3
DA:85,0
DA:86,3
DA:93,0
DA:94,3
DA:102,3
DA:110,0
DA:111,3
DA:118,3
DA:122,0
DA:123,3
DA:131,0
DA:132,3
DA:140,0
DA:141,3
DA:149,0
DA:150,3
DA:158,0
DA:159,3
DA:165,0
LF:46
LH:31
BRDA:164,0,0,0
BRF:1
BRH:0
end_of_record
TN:
SF:src\backbone\ContractTermAssetContext.ts
FN:45,(anonymous_2)
FN:19,(anonymous_3)
FN:27,(anonymous_4)
FN:39,(anonymous_5)
FNF:4
FNH:0
FNDA:0,(anonymous_2)
FNDA:0,(anonymous_3)
FNDA:0,(anonymous_4)
FNDA:0,(anonymous_5)
DA:1,3
DA:2,3
DA:3,3
DA:4,3
DA:5,3
DA:6,3
DA:7,3
DA:12,3
DA:19,0
DA:20,3
DA:27,0
DA:28,3
DA:35,3
DA:39,0
DA:40,3
DA:46,0
LF:16
LH:12
BRDA:45,0,0,0
BRF:1
BRH:0
end_of_record
TN:
SF:src\backbone\ContractTermAssetValuedItem.ts
FN:155,(anonymous_2)
FN:25,(anonymous_3)
FN:33,(anonymous_4)
FN:41,(anonymous_5)
FN:56,(anonymous_6)
FN:70,(anonymous_7)
FN:78,(anonymous_8)
FN:90,(anonymous_9)
FN:102,(anonymous_10)
FN:117,(anonymous_11)
FN:125,(anonymous_12)
FN:133,(anonymous_13)
FN:149,(anonymous_14)
FNF:13
FNH:0
FNDA:0,(anonymous_2)
FNDA:0,(anonymous_3)
FNDA:0,(anonymous_4)
FNDA:0,(anonymous_5)
FNDA:0,(anonymous_6)
FNDA:0,(anonymous_7)
FNDA:0,(anonymous_8)
FNDA:0,(anonymous_9)
FNDA:0,(anonymous_10)
FNDA:0,(anonymous_11)
FNDA:0,(anonymous_12)
FNDA:0,(anonymous_13)
FNDA:0,(anonymous_14)
DA:1,3
DA:2,3
DA:3,3
DA:4,3
DA:5,3
DA:6,3
DA:7,3
DA:8,3
DA:9,3
DA:10,3
DA:15,3
DA:21,3
DA:25,0
DA:26,3
DA:33,0
DA:34,3
DA:41,0
DA:42,3
DA:49,3
DA:56,0
DA:57,3
DA:65,3
DA:70,0
DA:71,3
DA:78,0
DA:79,3
DA:86,3
DA:90,0
DA:91,3
DA:98,3
DA:102,0
DA:103,3
DA:110,3
DA:117,0
DA:118,3
DA:125,0
DA:126,3
DA:133,0
DA:134,3
DA:142,3
DA:149,0
DA:150,3
DA:156,0
LF:43
LH:30
BRDA:155,0,0,0
BRF:1
BRH:0
end_of_record
TN:
SF:src\backbone\ContractTermOffer.ts
FN:113,(anonymous_2)
FN:22,(anonymous_3)
FN:30,(anonymous_4)
FN:39,(anonymous_5)
FN:48,(anonymous_6)
FN:62,(anonymous_7)
FN:71,(anonymous_8)
FN:91,(anonymous_9)
FN:99,(anonymous_10)
FN:107,(anonymous_11)
FNF:10
FNH:0
FNDA:0,(anonymous_2)
FNDA:0,(anonymous_3)
FNDA:0,(anonymous_4)
FNDA:0,(anonymous_5)
FNDA:0,(anonymous_6)
FNDA:0,(anonymous_7)
FNDA:0,(anonymous_8)
FNDA:0,(anonymous_9)
FNDA:0,(anonymous_10)
FNDA:0,(anonymous_11)
DA:1,3
DA:2,3
DA:3,3
DA:4,3
DA:5,3
DA:6,3
DA:7,3
DA:8,3
DA:9,3
DA:10,3
DA:15,3
DA:22,0
DA:23,3
DA:30,0
DA:31,3
DA:39,0
DA:40,3
DA:48,0
DA:49,3
DA:57,3
DA:62,0
DA:63,3
DA:71,0
DA:72,3
DA:80,3
DA:87,3
DA:91,0
DA:92,3
DA:99,0
DA:100,3
DA:107,0
DA:108,3
DA:114,0
LF:33
LH:23
BRDA:113,0,0,0
BRF:1
BRH:0
end_of_record
TN:
SF:src\backbone\ContractTermOfferAnswer.ts
FN:136,(anonymous_2)
FN:24,(anonymous_3)
FN:50,(anonymous_4)
FN:62,(anonymous_5)
FN:74,(anonymous_6)
FN:86,(anonymous_7)
FN:98,(anonymous_8)
FN:106,(anonymous_9)
FN:114,(anonymous_10)
FN:122,(anonymous_11)
FN:130,(anonymous_12)
FNF:11
FNH:0
FNDA:0,(anonymous_2)
FNDA:0,(anonymous_3)
FNDA:0,(anonymous_4)
FNDA:0,(anonymous_5)
FNDA:0,(anonymous_6)
FNDA:0,(anonymous_7)
FNDA:0,(anonymous_8)
FNDA:0,(anonymous_9)
FNDA:0,(anonymous_10)
FNDA:0,(anonymous_11)
FNDA:0,(anonymous_12)
DA:1,3
DA:2,3
DA:3,3
DA:4,3
DA:5,3
DA:6,3
DA:7,3
DA:8,3
DA:9,3
DA:14,3
DA:20,3
DA:24,0
DA:25,3
DA:32,3
DA:39,3
DA:46,3
DA:50,0
DA:51,3
DA:58,3
DA:62,0
DA:63,3
DA:70,3
DA:74,0
DA:75,3
DA:82,3
DA:86,0
DA:87,3
DA:94,3
DA:98,0
DA:99,3
DA:106,0
DA:107,3
DA:114,0
DA:115,3
DA:122,0
DA:123,3
DA:130,0
DA:131,3
DA:137,0
LF:39
LH:28
BRDA:136,0,0,0
BRF:1
BRH:0
end_of_record
TN:
SF:src\backbone\ContractTermOfferParty.ts
FN:32,(anonymous_2)
FN:18,(anonymous_3)
FN:26,(anonymous_4)
FNF:3
FNH:0
FNDA:0,(anonymous_2)
FNDA:0,(anonymous_3)
FNDA:0,(anonymous_4)
DA:1,3
DA:2,3
DA:3,3
DA:4,3
DA:5,3
DA:6,3
DA:11,3
DA:18,0
DA:19,3
DA:26,0
DA:27,3
DA:33,0
LF:12
LH:9
BRDA:32,0,0,0
BRF:1
BRH:0
end_of_record
TN:
SF:src\backbone\ContractTermSecurityLabel.ts
FN:48,(anonymous_2)
FN:17,(anonymous_3)
FN:25,(anonymous_4)
FN:34,(anonymous_5)
FNF:4
FNH:0
FNDA:0,(anonymous_2)
FNDA:0,(anonymous_3)
FNDA:0,(anonymous_4)
FNDA:0,(anonymous_5)
DA:1,3
DA:2,3
DA:3,3
DA:4,3
DA:5,3
DA:10,3
DA:17,0
DA:18,3
DA:25,0
DA:26,3
DA:34,0
DA:35,3
DA:43,3
DA:49,0
LF:14
LH:10
BRDA:48,0,0,0
BRF:1
BRH:0
end_of_record
TN:
SF:src\backbone\CoverageClass.ts
FN:47,(anonymous_2)
FN:21,(anonymous_3)
FN:29,(anonymous_4)
FN:41,(anonymous_5)
FNF:4
FNH:0
FNDA:0,(anonymous_2)
FNDA:0,(anonymous_3)
FNDA:0,(anonymous_4)
FNDA:0,(anonymous_5)
DA:1,3
DA:2,3
DA:3,3
DA:4,3
DA:5,3
DA:6,3
DA:11,3
DA:17,3
DA:21,0
DA:22,3
DA:29,0
DA:30,3
DA:37,3
DA:41,0
DA:42,3
DA:48,0
LF:16
LH:12
BRDA:47,0,0,0
BRF:1
BRH:0
end_of_record
TN:
SF:src\backbone\CoverageCostToBeneficiary.ts
FN:50,(anonymous_2)
FN:20,(anonymous_3)
FN:28,(anonymous_4)
FN:36,(anonymous_5)
FN:44,(anonymous_6)
FNF:5
FNH:0
FNDA:0,(anonymous_2)
FNDA:0,(anonymous_3)
FNDA:0,(anonymous_4)
FNDA:0,(anonymous_5)
FNDA:0,(anonymous_6)
DA:1,3
DA:2,3
DA:3,3
DA:4,3
DA:5,3
DA:6,3
DA:7,3
DA:8,3
DA:13,3
DA:20,0
DA:21,3
DA:28,0
DA:29,3
DA:36,0
DA:37,3
DA:44,0
DA:45,3
DA:51,0
LF:18
LH:13
BRDA:50,0,0,0
BRF:1
BRH:0
end_of_record
TN:
SF:src\backbone\CoverageCostToBeneficiaryException.ts
FN:31,(anonymous_2)
FN:17,(anonymous_3)
FN:25,(anonymous_4)
FNF:3
FNH:0
FNDA:0,(anonymous_2)
FNDA:0,(anonymous_3)
FNDA:0,(anonymous_4)
DA:1,3
DA:2,3
DA:3,3
DA:4,3
DA:5,3
DA:6,3
DA:11,3
DA:17,0
DA:18,3
DA:25,0
DA:26,3
DA:32,0
LF:12
LH:9
BRDA:31,0,0,0
BRF:1
BRH:0
end_of_record
TN:
SF:src\backbone\CoverageEligibilityRequestInsurance.ts
FN:47,(anonymous_2)
FN:21,(anonymous_3)
FN:29,(anonymous_4)
FN:41,(anonymous_5)
FNF:4
FNH:0
FNDA:0,(anonymous_2)
FNDA:0,(anonymous_3)
FNDA:0,(anonymous_4)
FNDA:0,(anonymous_5)
DA:1,3
DA:2,3
DA:3,3
DA:4,3
DA:5,3
DA:6,3
DA:11,3
DA:17,3
DA:21,0
DA:22,3
DA:29,0
DA:30,3
DA:37,3
DA:41,0
DA:42,3
DA:48,0
LF:16
LH:12
BRDA:47,0,0,0
BRF:1
BRH:0
end_of_record
TN:
SF:src\backbone\CoverageEligibilityRequestItem.ts
FN:101,(anonymous_2)
FN:20,(anonymous_3)
FN:29,(anonymous_4)
FN:38,(anonymous_5)
FN:46,(anonymous_6)
FN:55,(anonymous_7)
FN:63,(anonymous_8)
FN:71,(anonymous_9)
FN:79,(anonymous_10)
FN:95,(anonymous_11)
FNF:10
FNH:0
FNDA:0,(anonymous_2)
FNDA:0,(anonymous_3)
FNDA:0,(anonymous_4)
FNDA:0,(anonymous_5)
FNDA:0,(anonymous_6)
FNDA:0,(anonymous_7)
FNDA:0,(anonymous_8)
FNDA:0,(anonymous_9)
FNDA:0,(anonymous_10)
FNDA:0,(anonymous_11)
DA:1,3
DA:2,3
DA:3,3
DA:4,3
DA:5,3
DA:6,3
DA:7,3
DA:8,3
DA:9,3
DA:14,3
DA:20,0
DA:21,3
DA:29,0
DA:30,3
DA:38,0
DA:39,3
DA:46,0
DA:47,3
DA:55,0
DA:56,3
DA:63,0
DA:64,3
DA:71,0
DA:72,3
DA:79,0
DA:80,3
DA:88,3
DA:95,0
DA:96,3
DA:102,0
LF:30
LH:20
BRDA:101,0,0,0
BRF:1
BRH:0
end_of_record
TN:
SF:src\backbone\CoverageEligibilityRequestItemDiagnosis.ts
FN:31,(anonymous_2)
FN:17,(anonymous_3)
FN:25,(anonymous_4)
FNF:3
FNH:0
FNDA:0,(anonymous_2)
FNDA:0,(anonymous_3)
FNDA:0,(anonymous_4)
DA:1,3
DA:2,3
DA:3,3
DA:4,3
DA:5,3
DA:6,3
DA:11,3
DA:17,0
DA:18,3
DA:25,0
DA:26,3
DA:32,0
LF:12
LH:9
BRDA:31,0,0,0
BRF:1
BRH:0
end_of_record
TN:
SF:src\backbone\CoverageEligibilityRequestSupportingInfo.ts
FN:42,(anonymous_2)
FN:21,(anonymous_3)
FN:29,(anonymous_4)
FNF:3
FNH:0
FNDA:0,(anonymous_2)
FNDA:0,(anonymous_3)
FNDA:0,(anonymous_4)
DA:1,3
DA:2,3
DA:3,3
DA:4,3
DA:5,3
DA:6,3
DA:11,3
DA:17,3
DA:21,0
DA:22,3
DA:29,0
DA:30,3
DA:37,3
DA:43,0
LF:14
LH:11
BRDA:42,0,0,0
BRF:1
BRH:0
end_of_record
TN:
SF:src\backbone\CoverageEligibilityResponseError.ts
FN:22,(anonymous_2)
FN:16,(anonymous_3)
FNF:2
FNH:0
FNDA:0,(anonymous_2)
FNDA:0,(anonymous_3)
DA:1,3
DA:2,3
DA:3,3
DA:4,3
DA:5,3
DA:10,3
DA:16,0
DA:17,3
DA:23,0
LF:9
LH:7
BRDA:22,0,0,0
BRF:1
BRH:0
end_of_record
TN:
SF:src\backbone\CoverageEligibilityResponseInsurance.ts
FN:54,(anonymous_2)
FN:19,(anonymous_3)
FN:27,(anonymous_4)
FN:39,(anonymous_5)
FN:48,(anonymous_6)
FNF:5
FNH:0
FNDA:0,(anonymous_2)
FNDA:0,(anonymous_3)
FNDA:0,(anonymous_4)
FNDA:0,(anonymous_5)
FNDA:0,(anonymous_6)
DA:1,3
DA:2,3
DA:3,3
DA:4,3
DA:5,3
DA:6,3
DA:7,3
DA:8,3
DA:13,3
DA:19,0
DA:20,3
DA:27,0
DA:28,3
DA:35,3
DA:39,0
DA:40,3
DA:48,0
DA:49,3
DA:55,0
LF:19
LH:14
BRDA:54,0,0,0
BRF:1
BRH:0
end_of_record
TN:
SF:src\backbone\CoverageEligibilityResponseInsuranceItem.ts
FN:152,(anonymous_2)
FN:23,(anonymous_3)
FN:32,(anonymous_4)
FN:44,(anonymous_5)
FN:53,(anonymous_6)
FN:61,(anonymous_7)
FN:73,(anonymous_8)
FN:85,(anonymous_9)
FN:94,(anonymous_10)
FN:106,(anonymous_11)
FN:114,(anonymous_12)
FN:122,(anonymous_13)
FN:130,(anonymous_14)
FN:138,(anonymous_15)
FN:146,(anonymous_16)
FNF:15
FNH:0
FNDA:0,(anonymous_2)
FNDA:0,(anonymous_3)
FNDA:0,(anonymous_4)
FNDA:0,(anonymous_5)
FNDA:0,(anonymous_6)
FNDA:0,(anonymous_7)
FNDA:0,(anonymous_8)
FNDA:0,(anonymous_9)
FNDA:0,(anonymous_10)
FNDA:0,(anonymous_11)
FNDA:0,(anonymous_12)
FNDA:0,(anonymous_13)
FNDA:0,(anonymous_14)
FNDA:0,(anonymous_15)
FNDA:0,(anonymous_16)
DA:1,3
DA:2,3
DA:3,3
DA:4,3
DA:5,3
DA:6,3
DA:7,3
DA:8,3
DA:13,3
DA:19,3
DA:23,0
DA:24,3
DA:32,0
DA:33,3
DA:40,3
DA:44,0
DA:45,3
DA:53,0
DA:54,3
DA:61,0
DA:62,3
DA:69,3
DA:73,0
DA:74,3
DA:81,3
DA:85,0
DA:86,3
DA:94,0
DA:95,3
DA:102,3
DA:106,0
DA:107,3
DA:114,0
DA:115,3
DA:122,0
DA:123,3
DA:130,0
DA:131,3
DA:138,0
DA:139,3
DA:146,0
DA:147,3
DA:153,0
LF:43
LH:28
BRDA:152,0,0,0
BRF:1
BRH:0
end_of_record
TN:
SF:src\backbone\CoverageEligibilityResponseInsuranceItemBenefit.ts
FN:78,(anonymous_2)
FN:29,(anonymous_3)
FN:37,(anonymous_4)
FN:45,(anonymous_5)
FN:64,(anonymous_6)
FN:72,(anonymous_7)
FNF:6
FNH:0
FNDA:0,(anonymous_2)
FNDA:0,(anonymous_3)
FNDA:0,(anonymous_4)
FNDA:0,(anonymous_5)
FNDA:0,(anonymous_6)
FNDA:0,(anonymous_7)
DA:1,3
DA:2,3
DA:3,3
DA:4,3
DA:5,3
DA:6,3
DA:7,3
DA:12,3
DA:18,3
DA:25,3
DA:29,0
DA:30,3
DA:37,0
DA:38,3
DA:45,0
DA:46,3
DA:53,3
DA:60,3
DA:64,0
DA:65,3
DA:72,0
DA:73,3
DA:79,0
LF:23
LH:17
BRDA:78,0,0,0
BRF:1
BRH:0
end_of_record
TN:
SF:src\backbone\DetectedIssueEvidence.ts
FN:33,(anonymous_2)
FN:18,(anonymous_3)
FN:27,(anonymous_4)
FNF:3
FNH:0
FNDA:0,(anonymous_2)
FNDA:0,(anonymous_3)
FNDA:0,(anonymous_4)
DA:1,3
DA:2,3
DA:3,3
DA:4,3
DA:5,3
DA:6,3
DA:11,3
DA:18,0
DA:19,3
DA:27,0
DA:28,3
DA:34,0
LF:12
LH:9
BRDA:33,0,0,0
BRF:1
BRH:0
end_of_record
TN:
SF:src\backbone\DetectedIssueMitigation.ts
FN:44,(anonymous_2)
FN:18,(anonymous_3)
FN:26,(anonymous_4)
FN:38,(anonymous_5)
FNF:4
FNH:0
FNDA:0,(anonymous_2)
FNDA:0,(anonymous_3)
FNDA:0,(anonymous_4)
FNDA:0,(anonymous_5)
DA:1,3
DA:2,3
DA:3,3
DA:4,3
DA:5,3
DA:6,3
DA:7,3
DA:12,3
DA:18,0
DA:19,3
DA:26,0
DA:27,3
DA:34,3
DA:38,0
DA:39,3
DA:45,0
LF:16
LH:12
BRDA:44,0,0,0
BRF:1
BRH:0
end_of_record
TN:
SF:src\backbone\DeviceDefinitionCapability.ts
FN:31,(anonymous_2)
FN:17,(anonymous_3)
FN:25,(anonymous_4)
FNF:3
FNH:0
FNDA:0,(anonymous_2)
FNDA:0,(anonymous_3)
FNDA:0,(anonymous_4)
DA:1,3
DA:2,3
DA:3,3
DA:4,3
DA:5,3
DA:10,3
DA:17,0
DA:18,3
DA:25,0
DA:26,3
DA:32,0
LF:11
LH:8
BRDA:31,0,0,0
BRF:1
BRH:0
end_of_record
TN:
SF:src\backbone\DeviceDefinitionDeviceName.ts
FN:38,(anonymous_2)
FN:20,(anonymous_3)
FN:32,(anonymous_4)
FNF:3
FNH:0
FNDA:0,(anonymous_2)
FNDA:0,(anonymous_3)
FNDA:0,(anonymous_4)
DA:1,3
DA:2,3
DA:3,3
DA:4,3
DA:5,3
DA:10,3
DA:16,3
DA:20,0
DA:21,3
DA:28,3
DA:32,0
DA:33,3
DA:39,0
LF:13
LH:10
BRDA:38,0,0,0
BRF:1
BRH:0
end_of_record
TN:
SF:src\backbone\DeviceDefinitionMaterial.ts
FN:47,(anonymous_2)
FN:21,(anonymous_3)
FN:33,(anonymous_4)
FN:41,(anonymous_5)
FNF:4
FNH:0
FNDA:0,(anonymous_2)
FNDA:0,(anonymous_3)
FNDA:0,(anonymous_4)
FNDA:0,(anonymous_5)
DA:1,3
DA:2,3
DA:3,3
DA:4,3
DA:5,3
DA:6,3
DA:11,3
DA:17,3
DA:21,0
DA:22,3
DA:29,3
DA:33,0
DA:34,3
DA:41,0
DA:42,3
DA:48,0
LF:16
LH:12
BRDA:47,0,0,0
BRF:1
BRH:0
end_of_record
TN:
SF:src\backbone\DeviceDefinitionProperty.ts
FN:41,(anonymous_2)
FN:17,(anonymous_3)
FN:26,(anonymous_4)
FN:35,(anonymous_5)
FNF:4
FNH:0
FNDA:0,(anonymous_2)
FNDA:0,(anonymous_3)
FNDA:0,(anonymous_4)
FNDA:0,(anonymous_5)
DA:1,3
DA:2,3
DA:3,3
DA:4,3
DA:5,3
DA:6,3
DA:11,3
DA:17,0
DA:18,3
DA:26,0
DA:27,3
DA:35,0
DA:36,3
DA:42,0
LF:14
LH:10
BRDA:41,0,0,0
BRF:1
BRH:0
end_of_record
TN:
SF:src\backbone\DeviceDefinitionSpecialization.ts
FN:38,(anonymous_2)
FN:20,(anonymous_3)
FN:32,(anonymous_4)
FNF:3
FNH:0
FNDA:0,(anonymous_2)
FNDA:0,(anonymous_3)
FNDA:0,(anonymous_4)
DA:1,3
DA:2,3
DA:3,3
DA:4,3
DA:5,3
DA:10,3
DA:16,3
DA:20,0
DA:21,3
DA:28,3
DA:32,0
DA:33,3
DA:39,0
LF:13
LH:10
BRDA:38,0,0,0
BRF:1
BRH:0
end_of_record
TN:
SF:src\backbone\DeviceDefinitionUdiDeviceIdentifier.ts
FN:50,(anonymous_2)
FN:20,(anonymous_3)
FN:32,(anonymous_4)
FN:44,(anonymous_5)
FNF:4
FNH:0
FNDA:0,(anonymous_2)
FNDA:0,(anonymous_3)
FNDA:0,(anonymous_4)
FNDA:0,(anonymous_5)
DA:1,3
DA:2,3
DA:3,3
DA:4,3
DA:5,3
DA:10,3
DA:16,3
DA:20,0
DA:21,3
DA:28,3
DA:32,0
DA:33,3
DA:40,3
DA:44,0
DA:45,3
DA:51,0
LF:16
LH:12
BRDA:50,0,0,0
BRF:1
BRH:0
end_of_record
TN:
SF:src\backbone\DeviceDeviceName.ts
FN:38,(anonymous_2)
FN:20,(anonymous_3)
FN:32,(anonymous_4)
FNF:3
FNH:0
FNDA:0,(anonymous_2)
FNDA:0,(anonymous_3)
FNDA:0,(anonymous_4)
DA:1,3
DA:2,3
DA:3,3
DA:4,3
DA:5,3
DA:10,3
DA:16,3
DA:20,0
DA:21,3
DA:28,3
DA:32,0
DA:33,3
DA:39,0
LF:13
LH:10
BRDA:38,0,0,0
BRF:1
BRH:0
end_of_record
TN:
SF:src\backbone\DeviceMetricCalibration.ts
FN:50,(anonymous_2)
FN:20,(anonymous_3)
FN:32,(anonymous_4)
FN:44,(anonymous_5)
FNF:4
FNH:0
FNDA:0,(anonymous_2)
FNDA:0,(anonymous_3)
FNDA:0,(anonymous_4)
FNDA:0,(anonymous_5)
DA:1,3
DA:2,3
DA:3,3
DA:4,3
DA:5,3
DA:10,3
DA:16,3
DA:20,0
DA:21,3
DA:28,3
DA:32,0
DA:33,3
DA:40,3
DA:44,0
DA:45,3
DA:51,0
LF:16
LH:12
BRDA:50,0,0,0
BRF:1
BRH:0
end_of_record
TN:
SF:src\backbone\DeviceProperty.ts
FN:41,(anonymous_2)
FN:17,(anonymous_3)
FN:26,(anonymous_4)
FN:35,(anonymous_5)
FNF:4
FNH:0
FNDA:0,(anonymous_2)
FNDA:0,(anonymous_3)
FNDA:0,(anonymous_4)
FNDA:0,(anonymous_5)
DA:1,3
DA:2,3
DA:3,3
DA:4,3
DA:5,3
DA:6,3
DA:11,3
DA:17,0
DA:18,3
DA:26,0
DA:27,3
DA:35,0
DA:36,3
DA:42,0
LF:14
LH:10
BRDA:41,0,0,0
BRF:1
BRH:0
end_of_record
TN:
SF:src\backbone\DeviceRequestParameter.ts
FN:61,(anonymous_2)
FN:19,(anonymous_3)
FN:27,(anonymous_4)
FN:35,(anonymous_5)
FN:43,(anonymous_6)
FN:55,(anonymous_7)
FNF:6
FNH:0
FNDA:0,(anonymous_2)
FNDA:0,(anonymous_3)
FNDA:0,(anonymous_4)
FNDA:0,(anonymous_5)
FNDA:0,(anonymous_6)
FNDA:0,(anonymous_7)
DA:1,3
DA:2,3
DA:3,3
DA:4,3
DA:5,3
DA:6,3
DA:7,3
DA:8,3
DA:13,3
DA:19,0
DA:20,3
DA:27,0
DA:28,3
DA:35,0
DA:36,3
DA:43,0
DA:44,3
DA:51,3
DA:55,0
DA:56,3
DA:62,0
LF:21
LH:15
BRDA:61,0,0,0
BRF:1
BRH:0
end_of_record
TN:
SF:src\backbone\DeviceSpecialization.ts
FN:35,(anonymous_2)
FN:17,(anonymous_3)
FN:29,(anonymous_4)
FNF:3
FNH:0
FNDA:0,(anonymous_2)
FNDA:0,(anonymous_3)
FNDA:0,(anonymous_4)
DA:1,3
DA:2,3
DA:3,3
DA:4,3
DA:5,3
DA:6,3
DA:11,3
DA:17,0
DA:18,3
DA:25,3
DA:29,0
DA:30,3
DA:36,0
LF:13
LH:10
BRDA:35,0,0,0
BRF:1
BRH:0
end_of_record
TN:
SF:src\backbone\DeviceUdiCarrier.ts
FN:86,(anonymous_2)
FN:20,(anonymous_3)
FN:32,(anonymous_4)
FN:44,(anonymous_5)
FN:56,(anonymous_6)
FN:68,(anonymous_7)
FN:80,(anonymous_8)
FNF:7
FNH:0
FNDA:0,(anonymous_2)
FNDA:0,(anonymous_3)
FNDA:0,(anonymous_4)
FNDA:0,(anonymous_5)
FNDA:0,(anonymous_6)
FNDA:0,(anonymous_7)
FNDA:0,(anonymous_8)
DA:1,3
DA:2,3
DA:3,3
DA:4,3
DA:5,3
DA:10,3
DA:16,3
DA:20,0
DA:21,3
DA:28,3
DA:32,0
DA:33,3
DA:40,3
DA:44,0
DA:45,3
DA:52,3
DA:56,0
DA:57,3
DA:64,3
DA:68,0
DA:69,3
DA:76,3
DA:80,0
DA:81,3
DA:87,0
LF:25
LH:18
BRDA:86,0,0,0
BRF:1
BRH:0
end_of_record
TN:
SF:src\backbone\DeviceVersion.ts
FN:44,(anonymous_2)
FN:18,(anonymous_3)
FN:26,(anonymous_4)
FN:38,(anonymous_5)
FNF:4
FNH:0
FNDA:0,(anonymous_2)
FNDA:0,(anonymous_3)
FNDA:0,(anonymous_4)
FNDA:0,(anonymous_5)
DA:1,3
DA:2,3
DA:3,3
DA:4,3
DA:5,3
DA:6,3
DA:7,3
DA:12,3
DA:18,0
DA:19,3
DA:26,0
DA:27,3
DA:34,3
DA:38,0
DA:39,3
DA:45,0
LF:16
LH:12
BRDA:44,0,0,0
BRF:1
BRH:0
end_of_record
TN:
SF:src\backbone\DiagnosticReportMedia.ts
FN:35,(anonymous_2)
FN:21,(anonymous_3)
FN:29,(anonymous_4)
FNF:3
FNH:0
FNDA:0,(anonymous_2)
FNDA:0,(anonymous_3)
FNDA:0,(anonymous_4)
DA:1,3
DA:2,3
DA:3,3
DA:4,3
DA:5,3
DA:6,3
DA:11,3
DA:17,3
DA:21,0
DA:22,3
DA:29,0
DA:30,3
DA:36,0
LF:13
LH:10
BRDA:35,0,0,0
BRF:1
BRH:0
end_of_record
TN:
SF:src\backbone\DocumentManifestRelated.ts
FN:31,(anonymous_2)
FN:17,(anonymous_3)
FN:25,(anonymous_4)
FNF:3
FNH:0
FNDA:0,(anonymous_2)
FNDA:0,(anonymous_3)
FNDA:0,(anonymous_4)
DA:1,3
DA:2,3
DA:3,3
DA:4,3
DA:5,3
DA:6,3
DA:11,3
DA:17,0
DA:18,3
DA:25,0
DA:26,3
DA:32,0
LF:12
LH:9
BRDA:31,0,0,0
BRF:1
BRH:0
end_of_record
TN:
SF:src\backbone\DocumentReferenceContent.ts
FN:31,(anonymous_2)
FN:17,(anonymous_3)
FN:25,(anonymous_4)
FNF:3
FNH:0
FNDA:0,(anonymous_2)
FNDA:0,(anonymous_3)
FNDA:0,(anonymous_4)
DA:1,3
DA:2,3
DA:3,3
DA:4,3
DA:5,3
DA:6,3
DA:11,3
DA:17,0
DA:18,3
DA:25,0
DA:26,3
DA:32,0
LF:12
LH:9
BRDA:31,0,0,0
BRF:1
BRH:0
end_of_record
TN:
SF:src\backbone\DocumentReferenceContext.ts
FN:75,(anonymous_2)
FN:19,(anonymous_3)
FN:28,(anonymous_4)
FN:36,(anonymous_5)
FN:44,(anonymous_6)
FN:52,(anonymous_7)
FN:61,(anonymous_8)
FN:69,(anonymous_9)
FNF:8
FNH:0
FNDA:0,(anonymous_2)
FNDA:0,(anonymous_3)
FNDA:0,(anonymous_4)
FNDA:0,(anonymous_5)
FNDA:0,(anonymous_6)
FNDA:0,(anonymous_7)
FNDA:0,(anonymous_8)
FNDA:0,(anonymous_9)
DA:1,3
DA:2,3
DA:3,3
DA:4,3
DA:5,3
DA:6,3
DA:7,3
DA:12,3
DA:19,0
DA:20,3
DA:28,0
DA:29,3
DA:36,0
DA:37,3
DA:44,0
DA:45,3
DA:52,0
DA:53,3
DA:61,0
DA:62,3
DA:69,0
DA:70,3
DA:76,0
LF:23
LH:15
BRDA:75,0,0,0
BRF:1
BRH:0
end_of_record
TN:
SF:src\backbone\DocumentReferenceRelatesTo.ts
FN:35,(anonymous_2)
FN:21,(anonymous_3)
FN:29,(anonymous_4)
FNF:3
FNH:0
FNDA:0,(anonymous_2)
FNDA:0,(anonymous_3)
FNDA:0,(anonymous_4)
DA:1,3
DA:2,3
DA:3,3
DA:4,3
DA:5,3
DA:6,3
DA:11,3
DA:17,3
DA:21,0
DA:22,3
DA:29,0
DA:30,3
DA:36,0
LF:13
LH:10
BRDA:35,0,0,0
BRF:1
BRH:0
end_of_record
TN:
SF:src\backbone\Dosage.ts
FN:144,(anonymous_2)
FN:22,(anonymous_3)
FN:34,(anonymous_4)
FN:42,(anonymous_5)
FN:51,(anonymous_6)
FN:59,(anonymous_7)
FN:67,(anonymous_8)
FN:75,(anonymous_9)
FN:83,(anonymous_10)
FN:95,(anonymous_11)
FN:103,(anonymous_12)
FN:118,(anonymous_13)
FN:130,(anonymous_14)
FN:138,(anonymous_15)
FNF:14
FNH:0
FNDA:0,(anonymous_2)
FNDA:0,(anonymous_3)
FNDA:0,(anonymous_4)
FNDA:0,(anonymous_5)
FNDA:0,(anonymous_6)
FNDA:0,(anonymous_7)
FNDA:0,(anonymous_8)
FNDA:0,(anonymous_9)
FNDA:0,(anonymous_10)
FNDA:0,(anonymous_11)
FNDA:0,(anonymous_12)
FNDA:0,(anonymous_13)
FNDA:0,(anonymous_14)
FNDA:0,(anonymous_15)
DA:1,3
DA:2,3
DA:3,3
DA:4,3
DA:5,3
DA:6,3
DA:7,3
DA:8,3
DA:9,3
DA:10,3
DA:15,3
DA:22,0
DA:23,3
DA:30,3
DA:34,0
DA:35,3
DA:42,0
DA:43,3
DA:51,0
DA:52,3
DA:59,0
DA:60,3
DA:67,0
DA:68,3
DA:75,0
DA:76,3
DA:83,0
DA:84,3
DA:91,3
DA:95,0
DA:96,3
DA:103,0
DA:104,3
DA:111,3
DA:118,0
DA:119,3
DA:126,3
DA:130,0
DA:131,3
DA:138,0
DA:139,3
DA:145,0
LF:42
LH:28
BRDA:144,0,0,0
BRF:1
BRH:0
end_of_record
TN:
SF:src\backbone\DosageDoseAndRate.ts
FN:68,(anonymous_2)
FN:19,(anonymous_3)
FN:27,(anonymous_4)
FN:36,(anonymous_5)
FN:45,(anonymous_6)
FN:54,(anonymous_7)
FN:62,(anonymous_8)
FNF:7
FNH:0
FNDA:0,(anonymous_2)
FNDA:0,(anonymous_3)
FNDA:0,(anonymous_4)
FNDA:0,(anonymous_5)
FNDA:0,(anonymous_6)
FNDA:0,(anonymous_7)
FNDA:0,(anonymous_8)
DA:1,3
DA:2,3
DA:3,3
DA:4,3
DA:5,3
DA:6,3
DA:7,3
DA:8,3
DA:13,3
DA:19,0
DA:20,3
DA:27,0
DA:28,3
DA:36,0
DA:37,3
DA:45,0
DA:46,3
DA:54,0
DA:55,3
DA:62,0
DA:63,3
DA:69,0
LF:22
LH:15
BRDA:68,0,0,0
BRF:1
BRH:0
end_of_record
TN:
SF:src\backbone\EffectEvidenceSynthesisCertainty.ts
FN:43,(anonymous_2)
FN:19,(anonymous_3)
FN:28,(anonymous_4)
FN:37,(anonymous_5)
FNF:4
FNH:0
FNDA:0,(anonymous_2)
FNDA:0,(anonymous_3)
FNDA:0,(anonymous_4)
FNDA:0,(anonymous_5)
DA:1,3
DA:2,3
DA:3,3
DA:4,3
DA:5,3
DA:6,3
DA:7,3
DA:12,3
DA:19,0
DA:20,3
DA:28,0
DA:29,3
DA:37,0
DA:38,3
DA:44,0
LF:15
LH:11
BRDA:43,0,0,0
BRF:1
BRH:0
end_of_record
TN:
SF:src\backbone\EffectEvidenceSynthesisCertaintyCertaintySubcomponent.ts
FN:41,(anonymous_2)
FN:18,(anonymous_3)
FN:27,(anonymous_4)
FN:35,(anonymous_5)
FNF:4
FNH:0
FNDA:0,(anonymous_2)
FNDA:0,(anonymous_3)
FNDA:0,(anonymous_4)
FNDA:0,(anonymous_5)
DA:1,3
DA:2,3
DA:3,3
DA:4,3
DA:5,3
DA:6,3
DA:11,3
DA:18,0
DA:19,3
DA:27,0
DA:28,3
DA:35,0
DA:36,3
DA:42,0
LF:14
LH:10
BRDA:41,0,0,0
BRF:1
BRH:0
end_of_record
TN:
SF:src\backbone\EffectEvidenceSynthesisEffectEstimate.ts
FN:68,(anonymous_2)
FN:22,(anonymous_3)
FN:31,(anonymous_4)
FN:39,(anonymous_5)
FN:47,(anonymous_6)
FN:62,(anonymous_7)
FNF:6
FNH:0
FNDA:0,(anonymous_2)
FNDA:0,(anonymous_3)
FNDA:0,(anonymous_4)
FNDA:0,(anonymous_5)
FNDA:0,(anonymous_6)
FNDA:0,(anonymous_7)
DA:1,3
DA:2,3
DA:3,3
DA:4,3
DA:5,3
DA:6,3
DA:7,3
DA:12,3
DA:18,3
DA:22,0
DA:23,3
DA:31,0
DA:32,3
DA:39,0
DA:40,3
DA:47,0
DA:48,3
DA:55,3
DA:62,0
DA:63,3
DA:69,0
LF:21
LH:15
BRDA:68,0,0,0
BRF:1
BRH:0
end_of_record
TN:
SF:src\backbone\EffectEvidenceSynthesisEffectEstimatePrecisionEstimate.ts
FN:43,(anonymous_2)
FN:37,(anonymous_3)
FNF:2
FNH:0
FNDA:0,(anonymous_2)
FNDA:0,(anonymous_3)
DA:1,3
DA:2,3
DA:3,3
DA:4,3
DA:5,3
DA:10,3
DA:16,3
DA:23,3
DA:30,3
DA:37,0
DA:38,3
DA:44,0
LF:12
LH:10
BRDA:43,0,0,0
BRF:1
BRH:0
end_of_record
TN:
SF:src\backbone\EffectEvidenceSynthesisResultsByExposure.ts
FN:56,(anonymous_2)
FN:22,(anonymous_3)
FN:34,(anonymous_4)
FN:42,(anonymous_5)
FN:50,(anonymous_6)
FNF:5
FNH:0
FNDA:0,(anonymous_2)
FNDA:0,(anonymous_3)
FNDA:0,(anonymous_4)
FNDA:0,(anonymous_5)
FNDA:0,(anonymous_6)
DA:1,3
DA:2,3
DA:3,3
DA:4,3
DA:5,3
DA:6,3
DA:7,3
DA:12,3
DA:18,3
DA:22,0
DA:23,3
DA:30,3
DA:34,0
DA:35,3
DA:42,0
DA:43,3
DA:50,0
DA:51,3
DA:57,0
LF:19
LH:14
BRDA:56,0,0,0
BRF:1
BRH:0
end_of_record
TN:
SF:src\backbone\EffectEvidenceSynthesisSampleSize.ts
FN:40,(anonymous_2)
FN:20,(anonymous_3)
FNF:2
FNH:0
FNDA:0,(anonymous_2)
FNDA:0,(anonymous_3)
DA:1,3
DA:2,3
DA:3,3
DA:4,3
DA:5,3
DA:10,3
DA:16,3
DA:20,0
DA:21,3
DA:28,3
DA:35,3
DA:41,0
LF:12
LH:10
BRDA:40,0,0,0
BRF:1
BRH:0
end_of_record
TN:
SF:src\backbone\ElementDefinition.ts
FN:214,(anonymous_2)
FN:26,(anonymous_3)
FN:34,(anonymous_4)
FN:42,(anonymous_5)
FN:51,(anonymous_6)
FN:63,(anonymous_7)
FN:77,(anonymous_8)
FN:86,(anonymous_9)
FN:98,(anonymous_10)
FN:110,(anonymous_11)
FN:122,(anonymous_12)
FN:134,(anonymous_13)
FN:146,(anonymous_14)
FN:158,(anonymous_15)
FN:170,(anonymous_16)
FN:189,(anonymous_17)
FN:201,(anonymous_18)
FNF:17
FNH:0
FNDA:0,(anonymous_2)
FNDA:0,(anonymous_3)
FNDA:0,(anonymous_4)
FNDA:0,(anonymous_5)
FNDA:0,(anonymous_6)
FNDA:0,(anonymous_7)
FNDA:0,(anonymous_8)
FNDA:0,(anonymous_9)
FNDA:0,(anonymous_10)
FNDA:0,(anonymous_11)
FNDA:0,(anonymous_12)
FNDA:0,(anonymous_13)
FNDA:0,(anonymous_14)
FNDA:0,(anonymous_15)
FNDA:0,(anonymous_16)
FNDA:0,(anonymous_17)
FNDA:0,(anonymous_18)
DA:1,3
DA:2,3
DA:3,3
DA:4,3
DA:5,3
DA:6,3
DA:7,3
DA:8,3
DA:9,3
DA:14,3
DA:21,3
DA:26,0
DA:27,3
DA:34,0
DA:35,3
DA:42,0
DA:43,3
DA:51,0
DA:52,3
DA:59,3
DA:63,0
DA:64,3
DA:72,3
DA:77,0
DA:78,3
DA:86,0
DA:87,3
DA:94,3
DA:98,0
DA:99,3
DA:106,3
DA:110,0
DA:111,3
DA:118,3
DA:122,0
DA:123,3
DA:130,3
DA:134,0
DA:135,3
DA:142,3
DA:146,0
DA:147,3
DA:154,3
DA:158,0
DA:159,3
DA:166,3
DA:170,0
DA:171,3
DA:178,3
DA:185,3
DA:189,0
DA:190,3
DA:197,3
DA:201,0
DA:202,3
DA:209,3
DA:215,0
LF:57
LH:40
BRDA:214,0,0,0
BRF:1
BRH:0
end_of_record
TN:
SF:src\backbone\EncounterClassHistory.ts
FN:31,(anonymous_2)
FN:17,(anonymous_3)
FN:25,(anonymous_4)
FNF:3
FNH:0
FNDA:0,(anonymous_2)
FNDA:0,(anonymous_3)
FNDA:0,(anonymous_4)
DA:1,3
DA:2,3
DA:3,3
DA:4,3
DA:5,3
DA:6,3
DA:11,3
DA:17,0
DA:18,3
DA:25,0
DA:26,3
DA:32,0
LF:12
LH:9
BRDA:31,0,0,0
BRF:1
BRH:0
end_of_record
TN:
SF:src\backbone\EncounterDiagnosis.ts
FN:38,(anonymous_2)
FN:17,(anonymous_3)
FN:32,(anonymous_4)
FNF:3
FNH:0
FNDA:0,(anonymous_2)
FNDA:0,(anonymous_3)
FNDA:0,(anonymous_4)
DA:1,3
DA:2,3
DA:3,3
DA:4,3
DA:5,3
DA:6,3
DA:11,3
DA:17,0
DA:18,3
DA:25,3
DA:32,0
DA:33,3
DA:39,0
LF:13
LH:10
BRDA:38,0,0,0
BRF:1
BRH:0
end_of_record
TN:
SF:src\backbone\EncounterHospitalization.ts
FN:91,(anonymous_2)
FN:18,(anonymous_3)
FN:26,(anonymous_4)
FN:35,(anonymous_5)
FN:43,(anonymous_6)
FN:51,(anonymous_7)
FN:59,(anonymous_8)
FN:67,(anonymous_9)
FN:76,(anonymous_10)
FN:85,(anonymous_11)
FNF:10
FNH:0
FNDA:0,(anonymous_2)
FNDA:0,(anonymous_3)
FNDA:0,(anonymous_4)
FNDA:0,(anonymous_5)
FNDA:0,(anonymous_6)
FNDA:0,(anonymous_7)
FNDA:0,(anonymous_8)
FNDA:0,(anonymous_9)
FNDA:0,(anonymous_10)
FNDA:0,(anonymous_11)
DA:1,3
DA:2,3
DA:3,3
DA:4,3
DA:5,3
DA:6,3
DA:7,3
DA:12,3
DA:18,0
DA:19,3
DA:26,0
DA:27,3
DA:35,0
DA:36,3
DA:43,0
DA:44,3
DA:51,0
DA:52,3
DA:59,0
DA:60,3
DA:67,0
DA:68,3
DA:76,0
DA:77,3
DA:85,0
DA:86,3
DA:92,0
LF:27
LH:17
BRDA:91,0,0,0
BRF:1
BRH:0
end_of_record
TN:
SF:src\backbone\EncounterLocation.ts
FN:53,(anonymous_2)
FN:19,(anonymous_3)
FN:27,(anonymous_4)
FN:35,(anonymous_5)
FN:47,(anonymous_6)
FNF:5
FNH:0
FNDA:0,(anonymous_2)
FNDA:0,(anonymous_3)
FNDA:0,(anonymous_4)
FNDA:0,(anonymous_5)
FNDA:0,(anonymous_6)
DA:1,3
DA:2,3
DA:3,3
DA:4,3
DA:5,3
DA:6,3
DA:7,3
DA:8,3
DA:13,3
DA:19,0
DA:20,3
DA:27,0
DA:28,3
DA:35,0
DA:36,3
DA:43,3
DA:47,0
DA:48,3
DA:54,0
LF:19
LH:14
BRDA:53,0,0,0
BRF:1
BRH:0
end_of_record
TN:
SF:src\backbone\EncounterParticipant.ts
FN:41,(anonymous_2)
FN:18,(anonymous_3)
FN:26,(anonymous_4)
FN:35,(anonymous_5)
FNF:4
FNH:0
FNDA:0,(anonymous_2)
FNDA:0,(anonymous_3)
FNDA:0,(anonymous_4)
FNDA:0,(anonymous_5)
DA:1,3
DA:2,3
DA:3,3
DA:4,3
DA:5,3
DA:6,3
DA:7,3
DA:12,3
DA:18,0
DA:19,3
DA:26,0
DA:27,3
DA:35,0
DA:36,3
DA:42,0
LF:15
LH:11
BRDA:41,0,0,0
BRF:1
BRH:0
end_of_record
TN:
SF:src\backbone\EncounterStatusHistory.ts
FN:35,(anonymous_2)
FN:17,(anonymous_3)
FN:29,(anonymous_4)
FNF:3
FNH:0
FNDA:0,(anonymous_2)
FNDA:0,(anonymous_3)
FNDA:0,(anonymous_4)
DA:1,3
DA:2,3
DA:3,3
DA:4,3
DA:5,3
DA:6,3
DA:11,3
DA:17,0
DA:18,3
DA:25,3
DA:29,0
DA:30,3
DA:36,0
LF:13
LH:10
BRDA:35,0,0,0
BRF:1
BRH:0
end_of_record
TN:
SF:src\backbone\EpisodeOfCareDiagnosis.ts
FN:38,(anonymous_2)
FN:17,(anonymous_3)
FN:32,(anonymous_4)
FNF:3
FNH:0
FNDA:0,(anonymous_2)
FNDA:0,(anonymous_3)
FNDA:0,(anonymous_4)
DA:1,3
DA:2,3
DA:3,3
DA:4,3
DA:5,3
DA:6,3
DA:11,3
DA:17,0
DA:18,3
DA:25,3
DA:32,0
DA:33,3
DA:39,0
LF:13
LH:10
BRDA:38,0,0,0
BRF:1
BRH:0
end_of_record
TN:
SF:src\backbone\EpisodeOfCareStatusHistory.ts
FN:35,(anonymous_2)
FN:17,(anonymous_3)
FN:29,(anonymous_4)
FNF:3
FNH:0
FNDA:0,(anonymous_2)
FNDA:0,(anonymous_3)
FNDA:0,(anonymous_4)
DA:1,3
DA:2,3
DA:3,3
DA:4,3
DA:5,3
DA:6,3
DA:11,3
DA:17,0
DA:18,3
DA:25,3
DA:29,0
DA:30,3
DA:36,0
LF:13
LH:10
BRDA:35,0,0,0
BRF:1
BRH:0
end_of_record
TN:
SF:src\backbone\EvidenceVariableCharacteristic.ts
FN:164,(anonymous_2)
FN:25,(anonymous_3)
FN:37,(anonymous_4)
FN:45,(anonymous_5)
FN:53,(anonymous_6)
FN:61,(anonymous_7)
FN:69,(anonymous_8)
FN:81,(anonymous_9)
FN:93,(anonymous_10)
FN:105,(anonymous_11)
FN:117,(anonymous_12)
FN:125,(anonymous_13)
FN:133,(anonymous_14)
FN:141,(anonymous_15)
FN:149,(anonymous_16)
FN:158,(anonymous_17)
FNF:16
FNH:0
FNDA:0,(anonymous_2)
FNDA:0,(anonymous_3)
FNDA:0,(anonymous_4)
FNDA:0,(anonymous_5)
FNDA:0,(anonymous_6)
FNDA:0,(anonymous_7)
FNDA:0,(anonymous_8)
FNDA:0,(anonymous_9)
FNDA:0,(anonymous_10)
FNDA:0,(anonymous_11)
FNDA:0,(anonymous_12)
FNDA:0,(anonymous_13)
FNDA:0,(anonymous_14)
FNDA:0,(anonymous_15)
FNDA:0,(anonymous_16)
FNDA:0,(anonymous_17)
DA:1,3
DA:2,3
DA:3,3
DA:4,3
DA:5,3
DA:6,3
DA:7,3
DA:8,3
DA:9,3
DA:10,3
DA:11,3
DA:12,3
DA:13,3
DA:14,3
DA:19,3
DA:25,0
DA:26,3
DA:33,3
DA:37,0
DA:38,3
DA:45,0
DA:46,3
DA:53,0
DA:54,3
DA:61,0
DA:62,3
DA:69,0
DA:70,3
DA:77,3
DA:81,0
DA:82,3
DA:89,3
DA:93,0
DA:94,3
DA:101,3
DA:105,0
DA:106,3
DA:113,3
DA:117,0
DA:118,3
DA:125,0
DA:126,3
DA:133,0
DA:134,3
DA:141,0
DA:142,3
DA:149,0
DA:150,3
DA:158,0
DA:159,3
DA:165,0
LF:51
LH:35
BRDA:164,0,0,0
BRF:1
BRH:0
end_of_record
TN:
SF:src\backbone\ExampleScenarioActor.ts
FN:62,(anonymous_2)
FN:20,(anonymous_3)
FN:32,(anonymous_4)
FN:44,(anonymous_5)
FN:56,(anonymous_6)
FNF:5
FNH:0
FNDA:0,(anonymous_2)
FNDA:0,(anonymous_3)
FNDA:0,(anonymous_4)
FNDA:0,(anonymous_5)
FNDA:0,(anonymous_6)
DA:1,3
DA:2,3
DA:3,3
DA:4,3
DA:5,3
DA:10,3
DA:16,3
DA:20,0
DA:21,3
DA:28,3
DA:32,0
DA:33,3
DA:40,3
DA:44,0
DA:45,3
DA:52,3
DA:56,0
DA:57,3
DA:63,0
LF:19
LH:14
BRDA:62,0,0,0
BRF:1
BRH:0
end_of_record
TN:
SF:src\backbone\ExampleScenarioInstance.ts
FN:82,(anonymous_2)
FN:19,(anonymous_3)
FN:31,(anonymous_4)
FN:43,(anonymous_5)
FN:55,(anonymous_6)
FN:67,(anonymous_7)
FN:76,(anonymous_8)
FNF:7
FNH:0
FNDA:0,(anonymous_2)
FNDA:0,(anonymous_3)
FNDA:0,(anonymous_4)
FNDA:0,(anonymous_5)
FNDA:0,(anonymous_6)
FNDA:0,(anonymous_7)
FNDA:0,(anonymous_8)
DA:1,3
DA:2,3
DA:3,3
DA:4,3
DA:5,3
DA:6,3
DA:7,3
DA:12,3
DA:19,0
DA:20,3
DA:27,3
DA:31,0
DA:32,3
DA:39,3
DA:43,0
DA:44,3
DA:51,3
DA:55,0
DA:56,3
DA:63,3
DA:67,0
DA:68,3
DA:76,0
DA:77,3
DA:83,0
LF:25
LH:18
BRDA:82,0,0,0
BRF:1
BRH:0
end_of_record
TN:
SF:src\backbone\ExampleScenarioInstanceContainedInstance.ts
FN:38,(anonymous_2)
FN:20,(anonymous_3)
FN:32,(anonymous_4)
FNF:3
FNH:0
FNDA:0,(anonymous_2)
FNDA:0,(anonymous_3)
FNDA:0,(anonymous_4)
DA:1,3
DA:2,3
DA:3,3
DA:4,3
DA:5,3
DA:10,3
DA:16,3
DA:20,0
DA:21,3
DA:28,3
DA:32,0
DA:33,3
DA:39,0
LF:13
LH:10
BRDA:38,0,0,0
BRF:1
BRH:0
end_of_record
TN:
SF:src\backbone\ExampleScenarioInstanceVersion.ts
FN:38,(anonymous_2)
FN:20,(anonymous_3)
FN:32,(anonymous_4)
FNF:3
FNH:0
FNDA:0,(anonymous_2)
FNDA:0,(anonymous_3)
FNDA:0,(anonymous_4)
DA:1,3
[...]
FN:158,(anonymous_15)
FN:170,(anonymous_16)
FN:182,(anonymous_17)
FNF:16
FNH:0
FNDA:0,(anonymous_2)
FNDA:0,(anonymous_3)
FNDA:0,(anonymous_4)
FNDA:0,(anonymous_5)
FNDA:0,(anonymous_6)
FNDA:0,(anonymous_7)
FNDA:0,(anonymous_8)
FNDA:0,(anonymous_9)
FNDA:0,(anonymous_10)
FNDA:0,(anonymous_11)
FNDA:0,(anonymous_12)
FNDA:0,(anonymous_13)
FNDA:0,(anonymous_14)
FNDA:0,(anonymous_15)
FNDA:0,(anonymous_16)
FNDA:0,(anonymous_17)
DA:1,1
DA:2,1
DA:3,1
DA:4,1
DA:5,1
DA:6,1
DA:7,1
DA:8,1
DA:9,1
DA:10,1
DA:11,1
DA:20,1
DA:24,0
DA:31,0
DA:32,1
DA:39,1
DA:43,0
DA:44,1
DA:52,0
DA:53,1
DA:61,0
DA:62,1
DA:69,1
DA:73,0
DA:74,1
DA:81,1
DA:85,0
DA:86,1
DA:93,1
DA:97,0
DA:98,1
DA:105,0
DA:106,1
DA:113,1
DA:117,0
DA:118,1
DA:125,0
DA:126,1
DA:134,0
DA:135,1
DA:142,1
DA:146,0
DA:147,1
DA:154,1
DA:158,0
DA:159,1
DA:166,1
DA:170,0
DA:171,1
DA:178,1
DA:182,0
DA:183,1
DA:190,1
DA:196,0
DA:197,0
LF:55
LH:37
BRDA:195,0,0,0
BRF:1
BRH:0
end_of_record
TN:
SF:src\resources\TestReport.ts
FN:142,(anonymous_2)
FN:27,(anonymous_3)
FN:39,(anonymous_4)
FN:51,(anonymous_5)
FN:60,(anonymous_6)
FN:72,(anonymous_7)
FN:87,(anonymous_8)
FN:99,(anonymous_9)
FN:107,(anonymous_10)
FN:116,(anonymous_11)
FN:128,(anonymous_12)
FN:136,(anonymous_13)
FNF:12
FNH:0
FNDA:0,(anonymous_2)
FNDA:0,(anonymous_3)
FNDA:0,(anonymous_4)
FNDA:0,(anonymous_5)
FNDA:0,(anonymous_6)
FNDA:0,(anonymous_7)
FNDA:0,(anonymous_8)
FNDA:0,(anonymous_9)
FNDA:0,(anonymous_10)
FNDA:0,(anonymous_11)
FNDA:0,(anonymous_12)
FNDA:0,(anonymous_13)
DA:1,1
DA:2,1
DA:3,1
DA:4,1
DA:5,1
DA:6,1
DA:7,1
DA:8,1
DA:9,1
DA:10,1
DA:11,1
DA:16,1
DA:20,0
DA:27,0
DA:28,1
DA:35,1
DA:39,0
DA:40,1
DA:47,1
DA:51,0
DA:52,1
DA:60,0
DA:61,1
DA:68,1
DA:72,0
DA:73,1
DA:80,1
DA:87,0
DA:88,1
DA:95,1
DA:99,0
DA:100,1
DA:107,0
DA:108,1
DA:116,0
DA:117,1
DA:124,1
DA:128,0
DA:129,1
DA:136,0
DA:137,1
DA:143,0
DA:144,0
LF:43
LH:29
BRDA:142,0,0,0
BRF:1
BRH:0
end_of_record
TN:
SF:src\resources\TestScript.ts
FN:206,(anonymous_2)
FN:35,(anonymous_3)
FN:47,(anonymous_4)
FN:59,(anonymous_5)
FN:71,(anonymous_6)
FN:80,(anonymous_7)
FN:92,(anonymous_8)
FN:101,(anonymous_9)
FN:109,(anonymous_10)
FN:118,(anonymous_11)
FN:126,(anonymous_12)
FN:138,(anonymous_13)
FN:147,(anonymous_14)
FN:156,(anonymous_15)
FN:168,(anonymous_16)
FN:180,(anonymous_17)
FN:188,(anonymous_18)
FN:200,(anonymous_19)
FNF:18
FNH:0
FNDA:0,(anonymous_2)
FNDA:0,(anonymous_3)
FNDA:0,(anonymous_4)
FNDA:0,(anonymous_5)
FNDA:0,(anonymous_6)
FNDA:0,(anonymous_7)
FNDA:0,(anonymous_8)
FNDA:0,(anonymous_9)
FNDA:0,(anonymous_10)
FNDA:0,(anonymous_11)
FNDA:0,(anonymous_12)
FNDA:0,(anonymous_13)
FNDA:0,(anonymous_14)
FNDA:0,(anonymous_15)
FNDA:0,(anonymous_16)
FNDA:0,(anonymous_17)
FNDA:0,(anonymous_18)
FNDA:0,(anonymous_19)
DA:1,1
DA:2,1
DA:3,1
DA:4,1
DA:5,1
DA:6,1
DA:7,1
DA:8,1
DA:9,1
DA:10,1
DA:11,1
DA:12,1
DA:13,1
DA:14,1
DA:23,1
DA:27,0
DA:35,0
DA:36,1
DA:43,1
DA:47,0
DA:48,1
DA:55,1
DA:59,0
DA:60,1
DA:67,1
DA:71,0
DA:72,1
DA:80,0
DA:81,1
DA:88,1
DA:92,0
DA:93,1
DA:101,0
DA:102,1
DA:109,0
DA:110,1
DA:118,0
DA:119,1
DA:126,0
DA:127,1
DA:134,1
DA:138,0
DA:139,1
DA:147,0
DA:148,1
DA:156,0
DA:157,1
DA:164,1
DA:168,0
DA:169,1
DA:176,1
DA:180,0
DA:181,1
DA:188,0
DA:189,1
DA:196,1
DA:200,0
DA:201,1
DA:207,0
DA:208,0
LF:60
LH:40
BRDA:206,0,0,0
BRF:1
BRH:0
end_of_record
TN:
SF:src\resources\ValueSet.ts
FN:188,(anonymous_2)
FN:27,(anonymous_3)
FN:36,(anonymous_4)
FN:48,(anonymous_5)
FN:60,(anonymous_6)
FN:72,(anonymous_7)
FN:80,(anonymous_8)
FN:92,(anonymous_9)
FN:101,(anonymous_10)
FN:113,(anonymous_11)
FN:122,(anonymous_12)
FN:134,(anonymous_13)
FN:146,(anonymous_14)
FN:158,(anonymous_15)
FN:170,(anonymous_16)
FN:182,(anonymous_17)
FNF:16
FNH:0
FNDA:0,(anonymous_2)
FNDA:0,(anonymous_3)
FNDA:0,(anonymous_4)
FNDA:0,(anonymous_5)
FNDA:0,(anonymous_6)
FNDA:0,(anonymous_7)
FNDA:0,(anonymous_8)
FNDA:0,(anonymous_9)
FNDA:0,(anonymous_10)
FNDA:0,(anonymous_11)
FNDA:0,(anonymous_12)
FNDA:0,(anonymous_13)
FNDA:0,(anonymous_14)
FNDA:0,(anonymous_15)
FNDA:0,(anonymous_16)
FNDA:0,(anonymous_17)
DA:1,1
DA:2,1
DA:3,1
DA:4,1
DA:5,1
DA:6,1
DA:7,1
DA:8,1
DA:10,1
DA:11,1
DA:16,1
DA:20,0
DA:27,0
DA:28,1
DA:36,0
DA:37,1
DA:44,1
DA:48,0
DA:49,1
DA:56,1
DA:60,0
DA:61,1
DA:68,1
DA:72,0
DA:73,1
DA:80,0
DA:81,1
DA:88,1
DA:92,0
DA:93,1
DA:101,0
DA:102,1
DA:109,1
DA:113,0
DA:114,1
DA:122,0
DA:123,1
DA:130,1
DA:134,0
DA:135,1
DA:142,1
DA:146,0
DA:147,1
DA:154,1
DA:158,0
DA:159,1
DA:166,1
DA:170,0
DA:171,1
DA:178,1
DA:182,0
DA:183,1
DA:189,0
DA:190,0
LF:54
LH:36
BRDA:188,0,0,0
BRF:1
BRH:0
end_of_record
TN:
SF:src\resources\VerificationResult.ts
FN:163,(anonymous_2)
FN:27,(anonymous_3)
FN:35,(anonymous_4)
FN:43,(anonymous_5)
FN:55,(anonymous_6)
FN:63,(anonymous_7)
FN:75,(anonymous_8)
FN:84,(anonymous_9)
FN:96,(anonymous_10)
FN:108,(anonymous_11)
FN:117,(anonymous_12)
FN:131,(anonymous_13)
FN:140,(anonymous_14)
FN:148,(anonymous_15)
FN:157,(anonymous_16)
FNF:15
FNH:0
FNDA:0,(anonymous_2)
FNDA:0,(anonymous_3)
FNDA:0,(anonymous_4)
FNDA:0,(anonymous_5)
FNDA:0,(anonymous_6)
FNDA:0,(anonymous_7)
FNDA:0,(anonymous_8)
FNDA:0,(anonymous_9)
FNDA:0,(anonymous_10)
FNDA:0,(anonymous_11)
FNDA:0,(anonymous_12)
FNDA:0,(anonymous_13)
FNDA:0,(anonymous_14)
FNDA:0,(anonymous_15)
FNDA:0,(anonymous_16)
DA:1,1
DA:2,1
DA:3,1
DA:4,1
DA:5,1
DA:6,1
DA:7,1
DA:8,1
DA:9,1
DA:10,1
DA:11,1
DA:16,1
DA:20,0
DA:27,0
DA:28,1
DA:35,0
DA:36,1
DA:43,0
DA:44,1
DA:51,1
DA:55,0
DA:56,1
DA:63,0
DA:64,1
DA:71,1
DA:75,0
DA:76,1
DA:84,0
DA:85,1
DA:92,1
DA:96,0
DA:97,1
DA:104,1
DA:108,0
DA:109,1
DA:117,0
DA:118,1
DA:126,1
DA:131,0
DA:132,1
DA:140,0
DA:141,1
DA:148,0
DA:149,1
DA:157,0
DA:158,1
DA:164,0
DA:165,0
LF:48
LH:31
BRDA:163,0,0,0
BRF:1
BRH:0
end_of_record
TN:
SF:src\resources\VisionPrescription.ts
FN:100,(anonymous_2)
FN:28,(anonymous_3)
FN:40,(anonymous_4)
FN:48,(anonymous_5)
FN:57,(anonymous_6)
FN:66,(anonymous_7)
FN:74,(anonymous_8)
FN:82,(anonymous_9)
FN:94,(anonymous_10)
FNF:9
FNH:0
FNDA:0,(anonymous_2)
FNDA:0,(anonymous_3)
FNDA:0,(anonymous_4)
FNDA:0,(anonymous_5)
FNDA:0,(anonymous_6)
FNDA:0,(anonymous_7)
FNDA:0,(anonymous_8)
FNDA:0,(anonymous_9)
FNDA:0,(anonymous_10)
DA:1,1
DA:2,1
DA:3,1
DA:4,1
DA:5,1
DA:6,1
DA:7,1
DA:8,1
DA:13,1
DA:17,0
DA:24,1
DA:28,0
DA:29,1
DA:36,1
DA:40,0
DA:41,1
DA:48,0
DA:49,1
DA:57,0
DA:58,1
DA:66,0
DA:67,1
DA:74,0
DA:75,1
DA:82,0
DA:83,1
DA:90,1
DA:94,0
DA:95,1
DA:101,0
DA:102,0
LF:31
LH:20
BRDA:100,0,0,0
BRF:1
BRH:0
end_of_record
TN:
SF:src\resources\index.ts
FN:2,(anonymous_0)
FN:3,(anonymous_1)
FN:4,(anonymous_2)
FN:5,(anonymous_3)
FN:6,(anonymous_4)
FN:7,(anonymous_5)
FN:8,(anonymous_6)
FN:9,(anonymous_7)
FN:10,(anonymous_8)
FN:11,(anonymous_9)
FN:12,(anonymous_10)
FN:13,(anonymous_11)
FN:14,(anonymous_12)
FN:15,(anonymous_13)
FN:16,(anonymous_14)
FN:17,(anonymous_15)
FN:18,(anonymous_16)
FN:19,(anonymous_17)
FN:20,(anonymous_18)
FN:21,(anonymous_19)
FN:22,(anonymous_20)
FN:23,(anonymous_21)
FN:24,(anonymous_22)
FN:25,(anonymous_23)
FN:26,(anonymous_24)
FN:27,(anonymous_25)
FN:28,(anonymous_26)
FN:29,(anonymous_27)
FN:30,(anonymous_28)
FN:31,(anonymous_29)
FN:32,(anonymous_30)
FN:33,(anonymous_31)
FN:34,(anonymous_32)
FN:35,(anonymous_33)
FN:36,(anonymous_34)
FN:37,(anonymous_35)
FN:38,(anonymous_36)
FN:39,(anonymous_37)
FN:40,(anonymous_38)
FN:41,(anonymous_39)
FN:42,(anonymous_40)
FN:43,(anonymous_41)
FN:44,(anonymous_42)
FN:45,(anonymous_43)
FN:46,(anonymous_44)
FN:47,(anonymous_45)
FN:48,(anonymous_46)
FN:49,(anonymous_47)
FN:50,(anonymous_48)
FN:51,(anonymous_49)
FN:52,(anonymous_50)
FN:53,(anonymous_51)
FN:54,(anonymous_52)
FN:55,(anonymous_53)
FN:56,(anonymous_54)
FN:57,(anonymous_55)
FN:58,(anonymous_56)
FN:59,(anonymous_57)
FN:60,(anonymous_58)
FN:61,(anonymous_59)
FN:62,(anonymous_60)
FN:63,(anonymous_61)
FN:64,(anonymous_62)
FN:65,(anonymous_63)
FN:66,(anonymous_64)
FN:67,(anonymous_65)
FN:68,(anonymous_66)
FN:69,(anonymous_67)
FN:70,(anonymous_68)
FN:71,(anonymous_69)
FN:72,(anonymous_70)
FN:73,(anonymous_71)
FN:74,(anonymous_72)
FN:75,(anonymous_73)
FN:76,(anonymous_74)
FN:77,(anonymous_75)
FN:78,(anonymous_76)
FN:79,(anonymous_77)
FN:80,(anonymous_78)
FN:81,(anonymous_79)
FN:82,(anonymous_80)
FN:83,(anonymous_81)
FN:84,(anonymous_82)
FN:85,(anonymous_83)
FN:86,(anonymous_84)
FN:87,(anonymous_85)
FN:88,(anonymous_86)
FN:89,(anonymous_87)
FN:90,(anonymous_88)
FN:91,(anonymous_89)
FN:92,(anonymous_90)
FN:93,(anonymous_91)
FN:94,(anonymous_92)
FN:95,(anonymous_93)
FN:96,(anonymous_94)
FN:97,(anonymous_95)
FN:98,(anonymous_96)
FN:99,(anonymous_97)
FN:100,(anonymous_98)
FN:101,(anonymous_99)
FN:102,(anonymous_100)
FN:103,(anonymous_101)
FN:104,(anonymous_102)
FN:105,(anonymous_103)
FN:106,(anonymous_104)
FN:107,(anonymous_105)
FN:108,(anonymous_106)
FN:109,(anonymous_107)
FN:110,(anonymous_108)
FN:111,(anonymous_109)
FN:112,(anonymous_110)
FN:113,(anonymous_111)
FN:114,(anonymous_112)
FN:115,(anonymous_113)
FN:116,(anonymous_114)
FN:117,(anonymous_115)
FN:118,(anonymous_116)
FN:119,(anonymous_117)
FN:120,(anonymous_118)
FN:121,(anonymous_119)
FN:122,(anonymous_120)
FN:123,(anonymous_121)
FN:124,(anonymous_122)
FN:125,(anonymous_123)
FN:126,(anonymous_124)
FN:127,(anonymous_125)
FN:128,(anonymous_126)
FN:129,(anonymous_127)
FN:130,(anonymous_128)
FN:131,(anonymous_129)
FN:132,(anonymous_130)
FN:133,(anonymous_131)
FN:134,(anonymous_132)
FN:135,(anonymous_133)
FN:136,(anonymous_134)
FN:137,(anonymous_135)
FN:138,(anonymous_136)
FN:139,(anonymous_137)
FN:140,(anonymous_138)
FN:141,(anonymous_139)
FN:142,(anonymous_140)
FN:143,(anonymous_141)
FN:144,(anonymous_142)
FN:145,(anonymous_143)
FN:146,(anonymous_144)
FNF:145
FNH:0
FNDA:0,(anonymous_0)
FNDA:0,(anonymous_1)
FNDA:0,(anonymous_2)
FNDA:0,(anonymous_3)
FNDA:0,(anonymous_4)
FNDA:0,(anonymous_5)
FNDA:0,(anonymous_6)
FNDA:0,(anonymous_7)
FNDA:0,(anonymous_8)
FNDA:0,(anonymous_9)
FNDA:0,(anonymous_10)
FNDA:0,(anonymous_11)
FNDA:0,(anonymous_12)
FNDA:0,(anonymous_13)
FNDA:0,(anonymous_14)
FNDA:0,(anonymous_15)
FNDA:0,(anonymous_16)
FNDA:0,(anonymous_17)
FNDA:0,(anonymous_18)
FNDA:0,(anonymous_19)
FNDA:0,(anonymous_20)
FNDA:0,(anonymous_21)
FNDA:0,(anonymous_22)
FNDA:0,(anonymous_23)
FNDA:0,(anonymous_24)
FNDA:0,(anonymous_25)
FNDA:0,(anonymous_26)
FNDA:0,(anonymous_27)
FNDA:0,(anonymous_28)
FNDA:0,(anonymous_29)
FNDA:0,(anonymous_30)
FNDA:0,(anonymous_31)
FNDA:0,(anonymous_32)
FNDA:0,(anonymous_33)
FNDA:0,(anonymous_34)
FNDA:0,(anonymous_35)
FNDA:0,(anonymous_36)
FNDA:0,(anonymous_37)
FNDA:0,(anonymous_38)
FNDA:0,(anonymous_39)
FNDA:0,(anonymous_40)
FNDA:0,(anonymous_41)
FNDA:0,(anonymous_42)
FNDA:0,(anonymous_43)
FNDA:0,(anonymous_44)
FNDA:0,(anonymous_45)
FNDA:0,(anonymous_46)
FNDA:0,(anonymous_47)
FNDA:0,(anonymous_48)
FNDA:0,(anonymous_49)
FNDA:0,(anonymous_50)
FNDA:0,(anonymous_51)
FNDA:0,(anonymous_52)
FNDA:0,(anonymous_53)
FNDA:0,(anonymous_54)
FNDA:0,(anonymous_55)
FNDA:0,(anonymous_56)
FNDA:0,(anonymous_57)
FNDA:0,(anonymous_58)
FNDA:0,(anonymous_59)
FNDA:0,(anonymous_60)
FNDA:0,(anonymous_61)
FNDA:0,(anonymous_62)
FNDA:0,(anonymous_63)
FNDA:0,(anonymous_64)
FNDA:0,(anonymous_65)
FNDA:0,(anonymous_66)
FNDA:0,(anonymous_67)
FNDA:0,(anonymous_68)
FNDA:0,(anonymous_69)
FNDA:0,(anonymous_70)
FNDA:0,(anonymous_71)
FNDA:0,(anonymous_72)
FNDA:0,(anonymous_73)
FNDA:0,(anonymous_74)
FNDA:0,(anonymous_75)
FNDA:0,(anonymous_76)
FNDA:0,(anonymous_77)
FNDA:0,(anonymous_78)
FNDA:0,(anonymous_79)
FNDA:0,(anonymous_80)
FNDA:0,(anonymous_81)
FNDA:0,(anonymous_82)
FNDA:0,(anonymous_83)
FNDA:0,(anonymous_84)
FNDA:0,(anonymous_85)
FNDA:0,(anonymous_86)
FNDA:0,(anonymous_87)
FNDA:0,(anonymous_88)
FNDA:0,(anonymous_89)
FNDA:0,(anonymous_90)
FNDA:0,(anonymous_91)
FNDA:0,(anonymous_92)
FNDA:0,(anonymous_93)
FNDA:0,(anonymous_94)
FNDA:0,(anonymous_95)
FNDA:0,(anonymous_96)
FNDA:0,(anonymous_97)
FNDA:0,(anonymous_98)
FNDA:0,(anonymous_99)
FNDA:0,(anonymous_100)
FNDA:0,(anonymous_101)
FNDA:0,(anonymous_102)
FNDA:0,(anonymous_103)
FNDA:0,(anonymous_104)
FNDA:0,(anonymous_105)
FNDA:0,(anonymous_106)
FNDA:0,(anonymous_107)
FNDA:0,(anonymous_108)
FNDA:0,(anonymous_109)
FNDA:0,(anonymous_110)
FNDA:0,(anonymous_111)
FNDA:0,(anonymous_112)
FNDA:0,(anonymous_113)
FNDA:0,(anonymous_114)
FNDA:0,(anonymous_115)
FNDA:0,(anonymous_116)
FNDA:0,(anonymous_117)
FNDA:0,(anonymous_118)
FNDA:0,(anonymous_119)
FNDA:0,(anonymous_120)
FNDA:0,(anonymous_121)
FNDA:0,(anonymous_122)
FNDA:0,(anonymous_123)
FNDA:0,(anonymous_124)
FNDA:0,(anonymous_125)
FNDA:0,(anonymous_126)
FNDA:0,(anonymous_127)
FNDA:0,(anonymous_128)
FNDA:0,(anonymous_129)
FNDA:0,(anonymous_130)
FNDA:0,(anonymous_131)
FNDA:0,(anonymous_132)
FNDA:0,(anonymous_133)
FNDA:0,(anonymous_134)
FNDA:0,(anonymous_135)
FNDA:0,(anonymous_136)
FNDA:0,(anonymous_137)
FNDA:0,(anonymous_138)
FNDA:0,(anonymous_139)
FNDA:0,(anonymous_140)
FNDA:0,(anonymous_141)
FNDA:0,(anonymous_142)
FNDA:0,(anonymous_143)
FNDA:0,(anonymous_144)
DA:2,1
DA:3,1
DA:4,1
DA:5,1
DA:6,1
DA:7,1
DA:8,1
DA:9,1
DA:10,1
DA:11,1
DA:12,1
DA:13,1
DA:14,1
DA:15,1
DA:16,1
DA:17,1
DA:18,1
DA:19,1
DA:20,1
DA:21,1
DA:22,1
DA:23,1
DA:24,1
DA:25,1
DA:26,1
DA:27,1
DA:28,1
DA:29,1
DA:30,1
DA:31,1
DA:32,1
DA:33,1
DA:34,1
DA:35,1
DA:36,1
DA:37,1
DA:38,1
DA:39,1
DA:40,1
DA:41,1
DA:42,1
DA:43,1
DA:44,1
DA:45,1
DA:46,1
DA:47,1
DA:48,1
DA:49,1
DA:50,1
DA:51,1
DA:52,1
DA:53,1
DA:54,1
DA:55,1
DA:56,1
DA:57,1
DA:58,1
DA:59,1
DA:60,1
DA:61,1
DA:62,1
DA:63,1
DA:64,1
DA:65,1
DA:66,1
DA:67,1
DA:68,1
DA:69,1
DA:70,1
DA:71,1
DA:72,1
DA:73,1
DA:74,1
DA:75,1
DA:76,1
DA:77,1
DA:78,1
DA:79,1
DA:80,1
DA:81,1
DA:82,1
DA:83,1
DA:84,1
DA:85,1
DA:86,1
DA:87,1
DA:88,1
DA:89,1
DA:90,1
DA:91,1
DA:92,1
DA:93,1
DA:94,1
DA:95,1
DA:96,1
DA:97,1
DA:98,1
DA:99,1
DA:100,1
DA:101,1
DA:102,1
DA:103,1
DA:104,1
DA:105,1
DA:106,1
DA:107,1
DA:108,1
DA:109,1
DA:110,1
DA:111,1
DA:112,1
DA:113,1
DA:114,1
DA:115,1
DA:116,1
DA:117,1
DA:118,1
DA:119,1
DA:120,1
DA:121,1
DA:122,1
DA:123,1
DA:124,1
DA:125,1
DA:126,1
DA:127,1
DA:128,1
DA:129,1
DA:130,1
DA:131,1
DA:132,1
DA:133,1
DA:134,1
DA:135,1
DA:136,1
DA:137,1
DA:138,1
DA:139,1
DA:140,1
DA:141,1
DA:142,1
DA:143,1
DA:144,1
DA:145,1
DA:146,1
LF:145
LH:145
BRF:0
BRH:0
end_of_record
TN:
SF:src\serialization\optimized-serializer.ts
FN:30,(anonymous_8)
FN:45,(anonymous_9)
FN:71,(anonymous_10)
FN:84,(anonymous_11)
FN:101,(anonymous_12)
FN:117,(anonymous_13)
FN:135,(anonymous_14)
FN:138,(anonymous_15)
FN:142,(anonymous_16)
FN:152,(anonymous_17)
FN:177,(anonymous_19)
FN:193,(anonymous_20)
FN:199,(anonymous_21)
FN:207,(anonymous_22)
FN:246,createFHIRSerializer
FN:263,(anonymous_24)
FN:271,(anonymous_25)
FN:279,(anonymous_26)
FNF:18
FNH:17
FNDA:34,(anonymous_8)
FNDA:96483,(anonymous_9)
FNDA:19,(anonymous_10)
FNDA:7,(anonymous_11)
FNDA:2,(anonymous_12)
FNDA:5000,(anonymous_13)
FNDA:5,(anonymous_14)
FNDA:4,(anonymous_15)
FNDA:0,(anonymous_16)
FNDA:5,(anonymous_17)
FNDA:4,(anonymous_19)
FNDA:2,(anonymous_20)
FNDA:54,(anonymous_21)
FNDA:2006,(anonymous_22)
FNDA:18,createFHIRSerializer
FNDA:8,(anonymous_24)
FNDA:4,(anonymous_25)
FNDA:2,(anonymous_26)
DA:6,2
DA:27,2
DA:31,34
DA:47,96483
DA:48,12042
DA:52,84441
DA:53,2
DA:56,84439
DA:57,1
DA:61,84438
DA:62,0
DA:65,84438
DA:72,19
DA:73,19
DA:74,19
DA:76,1
DA:85,7
DA:87,7
DA:88,5
DA:92,2
DA:94,0
DA:102,2
DA:105,2
DA:106,2
DA:109,2
DA:112,2
DA:115,2
DA:116,5
DA:117,5
DA:118,5000
DA:121,5
DA:122,3
DA:124,5
DA:127,2
DA:128,2
DA:136,5
DA:142,5
DA:143,0
DA:146,5
DA:153,5
DA:154,5
DA:157,5
DA:158,5
DA:160,5
DA:163,5
DA:164,4
DA:165,4
DA:167,4
DA:168,8
DA:169,4
DA:172,8
DA:173,8
DA:176,8
DA:177,4
DA:183,5
DA:184,5
DA:186,0
DA:194,2
DA:195,2
DA:196,2
DA:197,2
DA:199,2
DA:200,54
DA:201,54
DA:202,54
DA:203,54
DA:207,2
DA:208,2006
DA:209,52
DA:211,2006
DA:212,2006
DA:215,2
DA:218,2
DA:219,2
DA:222,2
DA:223,2
DA:224,1002
DA:225,1000
DA:228,1002
DA:229,1002
DA:233,2
DA:234,2
DA:236,2
DA:238,0
DA:246,2
DA:247,18
DA:259,2
DA:264,8
DA:265,8
DA:272,4
DA:273,4
DA:280,2
DA:281,2
DA:286,2
LF:94
LH:89
BRDA:30,0,0,13
BRDA:47,1,0,12042
BRDA:47,1,1,84441
BRDA:47,2,0,96483
BRDA:47,2,1,96441
BRDA:47,2,2,84399
BRDA:52,3,0,2
BRDA:52,3,1,84439
BRDA:52,4,0,84441
BRDA:52,4,1,12057
BRDA:56,5,0,1
BRDA:56,5,1,84438
BRDA:56,6,0,84439
BRDA:56,6,1,84431
BRDA:56,6,2,30151
BRDA:61,7,0,0
BRDA:61,7,1,84438
BRDA:73,8,0,18
BRDA:73,8,1,1
BRDA:74,9,0,18
BRDA:74,9,1,1
BRDA:76,10,0,1
BRDA:76,10,1,0
BRDA:87,11,0,5
BRDA:87,11,1,2
BRDA:87,12,0,7
BRDA:87,12,1,6
BRDA:94,13,0,0
BRDA:94,13,1,0
BRDA:106,14,0,2
BRDA:106,14,1,0
BRDA:109,15,0,2
BRDA:109,15,1,0
BRDA:112,16,0,2
BRDA:112,16,1,0
BRDA:118,17,0,5000
BRDA:118,17,1,0
BRDA:121,18,0,3
BRDA:121,18,1,2
BRDA:157,19,0,5
BRDA:157,19,1,0
BRDA:158,20,0,5
BRDA:158,20,1,0
BRDA:163,21,0,4
BRDA:163,21,1,1
BRDA:163,22,0,5
BRDA:163,22,1,5
BRDA:168,23,0,4
BRDA:168,23,1,4
BRDA:168,24,0,8
BRDA:168,24,1,8
BRDA:169,25,0,4
BRDA:169,25,1,0
BRDA:172,26,0,8
BRDA:172,26,1,0
BRDA:176,27,0,4
BRDA:176,27,1,4
BRDA:193,28,0,0
BRDA:200,29,0,54
BRDA:200,29,1,0
BRDA:208,30,0,52
BRDA:208,30,1,1954
BRDA:218,31,0,2
BRDA:218,31,1,0
BRDA:219,32,0,2
BRDA:219,32,1,0
BRDA:222,33,0,2
BRDA:222,33,1,0
BRDA:222,34,0,2
BRDA:222,34,1,2
BRDA:224,35,0,1000
BRDA:224,35,1,2
BRDA:225,36,0,1000
BRDA:225,36,1,0
BRDA:228,37,0,1002
BRDA:228,37,1,0
BRDA:238,38,0,0
BRDA:238,38,1,0
BRF:78
BRH:57
end_of_record
TN:
SF:src\serialization\performance-benchmark.ts
FN:27,createSampleBundle
FN:91,measureMemoryUsage
FN:101,benchmarkStandardStringify
FN:140,benchmarkOptimizedSerialization
FN:181,benchmarkChunkedSerialization
FN:226,runSerializationBenchmark
FN:227,(anonymous_16)
FN:274,printBenchmarkResults
FN:278,(anonymous_18)
FN:301,printSummaryTable
FN:310,(anonymous_20)
FN:331,quickBenchmark
FNF:12
FNH:0
FNDA:0,createSampleBundle
FNDA:0,measureMemoryUsage
FNDA:0,benchmarkStandardStringify
FNDA:0,benchmarkOptimizedSerialization
FNDA:0,benchmarkChunkedSerialization
FNDA:0,runSerializationBenchmark
FNDA:0,(anonymous_16)
FNDA:0,printBenchmarkResults
FNDA:0,(anonymous_18)
FNDA:0,printSummaryTable
FNDA:0,(anonymous_20)
FNDA:0,quickBenchmark
DA:6,0
DA:7,0
DA:28,0
DA:30,0
DA:31,0
DA:78,0
DA:92,0
DA:93,0
DA:95,0
DA:102,0
DA:103,0
DA:106,0
DA:107,0
DA:110,0
DA:111,0
DA:113,0
DA:114,0
DA:115,0
DA:118,0
DA:119,0
DA:121,0
DA:122,0
DA:123,0
DA:124,0
DA:125,0
DA:127,0
DA:141,0
DA:142,0
DA:143,0
DA:146,0
DA:147,0
DA:150,0
DA:151,0
DA:153,0
DA:154,0
DA:155,0
DA:156,0
DA:159,0
DA:160,0
DA:162,0
DA:163,0
DA:164,0
DA:165,0
DA:166,0
DA:168,0
DA:182,0
DA:183,0
DA:184,0
DA:191,0
DA:192,0
DA:195,0
DA:196,0
DA:198,0
DA:199,0
DA:200,0
DA:201,0
DA:204,0
DA:205,0
DA:207,0
DA:208,0
DA:209,0
DA:210,0
DA:211,0
DA:213,0
DA:226,0
DA:227,0
DA:231,0
DA:233,0
DA:234,0
DA:236,0
DA:237,0
DA:239,0
DA:240,0
DA:243,0
DA:244,0
DA:245,0
DA:248,0
DA:249,0
DA:250,0
DA:253,0
DA:254,0
DA:255,0
DA:256,0
DA:259,0
DA:262,0
DA:266,0
DA:268,0
DA:275,0
DA:276,0
DA:278,0
DA:279,0
DA:280,0
DA:281,0
DA:283,0
DA:287,0
DA:288,0
DA:289,0
DA:290,0
DA:291,0
DA:293,0
DA:294,0
DA:302,0
DA:303,0
DA:304,0
DA:306,0
DA:307,0
DA:308,0
DA:310,0
DA:311,0
DA:312,0
DA:313,0
DA:314,0
DA:316,0
DA:324,0
DA:325,0
DA:331,0
DA:332,0
DA:334,0
DA:335,0
DA:337,0
DA:342,0
DA:346,0
DA:347,0
LF:123
LH:0
BRDA:42,0,0,0
BRDA:42,0,1,0
BRDA:69,1,0,0
BRDA:69,1,1,0
BRDA:72,2,0,0
BRDA:72,2,1,0
BRDA:73,3,0,0
BRDA:73,3,1,0
BRDA:92,4,0,0
BRDA:92,4,1,0
BRDA:92,5,0,0
BRDA:92,5,1,0
BRDA:102,6,0,0
BRDA:102,6,1,0
BRDA:103,7,0,0
BRDA:103,7,1,0
BRDA:110,8,0,0
BRDA:110,8,1,0
BRDA:119,9,0,0
BRDA:119,9,1,0
BRDA:123,10,0,0
BRDA:123,10,1,0
BRDA:123,11,0,0
BRDA:123,11,1,0
BRDA:123,12,0,0
BRDA:123,12,1,0
BRDA:141,13,0,0
BRDA:141,13,1,0
BRDA:142,14,0,0
BRDA:142,14,1,0
BRDA:150,15,0,0
BRDA:150,15,1,0
BRDA:156,16,0,0
BRDA:156,16,1,0
BRDA:160,17,0,0
BRDA:160,17,1,0
BRDA:164,18,0,0
BRDA:164,18,1,0
BRDA:164,19,0,0
BRDA:164,19,1,0
BRDA:164,20,0,0
BRDA:164,20,1,0
BRDA:182,21,0,0
BRDA:182,21,1,0
BRDA:183,22,0,0
BRDA:183,22,1,0
BRDA:195,23,0,0
BRDA:195,23,1,0
BRDA:201,24,0,0
BRDA:201,24,1,0
BRDA:205,25,0,0
BRDA:205,25,1,0
BRDA:209,26,0,0
BRDA:209,26,1,0
BRDA:209,27,0,0
BRDA:209,27,1,0
BRDA:209,28,0,0
BRDA:209,28,1,0
BRDA:227,29,0,0
BRDA:228,30,0,0
BRDA:253,31,0,0
BRDA:253,31,1,0
BRDA:287,32,0,0
BRDA:287,32,1,0
BRDA:293,33,0,0
BRDA:293,33,1,0
BRDA:294,34,0,0
BRDA:294,34,1,0
BRDA:346,35,0,0
BRDA:346,35,1,0
BRF:70
BRH:0
end_of_record
